Log file open, 12/16/18 19:04:18
LogInit:Display: Running engine for game: U
LogPlatformFile: Not using cached read wrapper
LogInit:Display: RandInit(952140456) SRandInit(952140456).
LogTaskGraph: Started task graph with 5 named threads and 10 total threads with 1 sets of task threads.
LogStats: Stats thread started at 0.122114
LogInit: Using libcurl 7.47.1
LogInit:  - built for x86_64-pc-win32
LogInit:  - supports SSL with OpenSSL/1.0.2g
LogInit:  - supports HTTP deflate (compression) using libz 1.2.8
LogInit:  - other features:
LogInit:      CURL_VERSION_SSL
LogInit:      CURL_VERSION_LIBZ
LogInit:      CURL_VERSION_IPV6
LogInit:      CURL_VERSION_ASYNCHDNS
LogInit:      CURL_VERSION_LARGEFILE
LogInit:      CURL_VERSION_IDN
LogInit:  CurlRequestOptions (configurable via config and command line):
LogInit:  - bVerifyPeer = false  - Libcurl will NOT verify peer certificate
LogInit:  - bUseHttpProxy = false  - Libcurl will NOT use HTTP proxy
LogInit:  - bDontReuseConnections = false  - Libcurl will reuse connections
LogInit:  - CertBundlePath = nullptr  - Libcurl will use whatever was configured at build time.
LogInit: Build: ++UE4+Release-4.16-CL-3561208
LogInit: Engine Version: 4.16.3-3561208+++UE4+Release-4.16
LogInit: Compatible Engine Version: 4.16.0-3452394+++UE4+Release-4.16
LogInit: Net CL: 3452394
LogDevObjectVersion: Number of dev versions registered: 16
LogDevObjectVersion:   Dev-Blueprints (B0D832E4-1F89-4F0D-ACCF-7EB736FD4AA2): 9
LogDevObjectVersion:   Dev-Build (E1C64328-A22C-4D53-A36C-8E866417BD8C): 0
LogDevObjectVersion:   Dev-Core (375EC13C-06E4-48FB-B500-84F0262A717E): 2
LogDevObjectVersion:   Dev-Editor (E4B068ED-F494-42E9-A231-DA0B2E46BB41): 17
LogDevObjectVersion:   Dev-Framework (CFFC743F-43B0-4480-9391-14DF171D2073): 23
LogDevObjectVersion:   Dev-Mobile (B02B49B5-BB20-44E9-A304-32B752E40360): 0
LogDevObjectVersion:   Dev-Networking (A4E4105C-59A1-49B5-A7C5-40C4547EDFEE): 0
LogDevObjectVersion:   Dev-Online (39C831C9-5AE6-47DC-9A44-9C173E1C8E7C): 0
LogDevObjectVersion:   Dev-Physics (78F01B33-EBEA-4F98-B9B4-84EACCB95AA2): 0
LogDevObjectVersion:   Dev-Platform (6631380F-2D4D-43E0-8009-CF276956A95A): 0
LogDevObjectVersion:   Dev-Rendering (12F88B9F-8875-4AFC-A67C-D90C383ABD29): 15
LogDevObjectVersion:   Dev-Sequencer (7B5AE74C-D270-4C10-A958-57980B212A5A): 4
LogDevObjectVersion:   Dev-VR (D7296918-1DD6-4BDD-9DE2-64A83CC13884): 0
LogDevObjectVersion:   Dev-LoadTimes (C2A15278-BFE7-4AFE-6C17-90FF531DF755): 1
LogDevObjectVersion:   Private-Geometry (6EACA3D4-40EC-4CC1-B786-8BED09428FC5): 1
LogDevObjectVersion:   Dev-AnimPhys (29E575DD-E0A3-4627-9D10-D276232CDCEA): 3
LogInit: Compiled (64-bit): Jul 28 2017 11:49:47
LogInit: Compiled with Visual C++: 19.00.24215.01
LogInit: Build Configuration: Development
LogInit: Branch Name: ++UE4+Release-4.16
LogInit: Command line: -EpicPortal  -epicusername="francosiniscalch" -epicuserid=9bb688d3c3d544159b43793bbe2fe075 -epiclocale=en-US
LogInit: Base directory: C:/Program Files/Epic Games/UE_4.16/Engine/Binaries/Win64/
LogInit: Installed Engine Build: 1
LogInit: Presizing for max 8388607 objects, including 0 objects not considered by GC, pre-allocating 0 bytes for permanent pool.
LogInit: Object subsystem initialized
[2018.12.16-22.04.18:999][  0]LogInit: Selected Device Profile: [Windows]
[2018.12.16-22.04.18:999][  0]LogInit: Applying CVar settings loaded from the selected device profile: [Windows]
[2018.12.16-22.04.19:012][  0]LogInit: Computer: MSI
[2018.12.16-22.04.19:012][  0]LogInit: User: Bacchus
[2018.12.16-22.04.19:012][  0]LogInit: CPU Page size=4096, Cores=6
[2018.12.16-22.04.19:012][  0]LogInit: High frequency timer resolution =2.156251 MHz
[2018.12.16-22.04.19:012][  0]LogMemory: Memory total: Physical=15.9GB (16GB approx)
[2018.12.16-22.04.19:012][  0]LogMemory: Platform Memory Stats for Windows
[2018.12.16-22.04.19:012][  0]LogMemory: Process Physical Memory: 273.86 MB used, 273.86 MB peak
[2018.12.16-22.04.19:012][  0]LogMemory: Process Virtual Memory: 267.30 MB used, 267.30 MB peak
[2018.12.16-22.04.19:012][  0]LogMemory: Physical Memory: 7735.73 MB used,  8526.56 MB free, 16262.29 MB total
[2018.12.16-22.04.19:012][  0]LogMemory: Virtual Memory: 4783.78 MB used,  8526.56 MB free, 134217728.00 MB total
[2018.12.16-22.04.19:277][  0]LogInit: Using OS detected language (en-US).
[2018.12.16-22.04.19:277][  0]LogInit: Using OS detected locale (en-US).
[2018.12.16-22.04.19:280][  0]LogTextLocalizationManager: No specific localization for 'en-US' exists, so the 'en' localization will be used.
[2018.12.16-22.04.20:138][  0]LogD3D11RHI: D3D11 adapters:
[2018.12.16-22.04.20:200][  0]LogD3D11RHI:    0. 'NVIDIA GeForce GTX 1060' (Feature Level 11_0)
[2018.12.16-22.04.20:200][  0]LogD3D11RHI:       6052/0/8131 MB DedicatedVideo/DedicatedSystem/SharedSystem, Outputs:1, VendorId:0x10de
[2018.12.16-22.04.20:211][  0]LogD3D11RHI:    1. 'Intel(R) UHD Graphics 630' (Feature Level 11_0)
[2018.12.16-22.04.20:211][  0]LogD3D11RHI:       128/0/8131 MB DedicatedVideo/DedicatedSystem/SharedSystem, Outputs:0, VendorId:0x8086
[2018.12.16-22.04.20:213][  0]LogD3D11RHI:    2. 'Microsoft Basic Render Driver' (Feature Level 11_0)
[2018.12.16-22.04.20:213][  0]LogD3D11RHI:       0/0/8131 MB DedicatedVideo/DedicatedSystem/SharedSystem, Outputs:0, VendorId:0x1414
[2018.12.16-22.04.20:213][  0]LogD3D11RHI: Chosen D3D11 Adapter: 0
[2018.12.16-22.04.20:232][  0]LogD3D11RHI: Creating new Direct3DDevice
[2018.12.16-22.04.20:232][  0]LogD3D11RHI:     GPU DeviceId: 0x1c20 (for the marketing name, search the web for "GPU Device Id")
[2018.12.16-22.04.20:232][  0]LogWindows: EnumDisplayDevices:
[2018.12.16-22.04.20:232][  0]LogWindows:    0. 'Intel(R) UHD Graphics 630' (P:1 D:1)
[2018.12.16-22.04.20:232][  0]LogWindows:    1. 'Intel(R) UHD Graphics 630' (P:0 D:0)
[2018.12.16-22.04.20:233][  0]LogWindows:    2. 'Intel(R) UHD Graphics 630' (P:0 D:0)
[2018.12.16-22.04.20:233][  0]LogWindows:    3. 'NVIDIA GeForce GTX 1060' (P:0 D:0)
[2018.12.16-22.04.20:233][  0]LogWindows:    4. 'NVIDIA GeForce GTX 1060' (P:0 D:0)
[2018.12.16-22.04.20:233][  0]LogWindows:    5. 'NVIDIA GeForce GTX 1060' (P:0 D:0)
[2018.12.16-22.04.20:233][  0]LogWindows:    6. 'NVIDIA GeForce GTX 1060' (P:0 D:0)
[2018.12.16-22.04.20:233][  0]LogWindows: DebugString: GetVideoDriverDetailsInvalid PrimaryIsNotTheChoosenAdapter GetVideoDriverDetailsInvalid PrimaryIsNotTheChoosenAdapter GetVideoDriverDetailsInvalid PrimaryIsNotTheChoosenAdapter GetVideoDriverDetailsInvalid PrimaryIsNotTheChoosenAdapter GetVideoDriverDetailsInvalid PrimaryIsNotTheChoosenAdapter GetVideoDriverDetailsInvalid PrimaryIsNotTheChoosenAdapter GetVideoDriverDetailsInvalid PrimaryIsNotTheChoosenAdapter FoundDriverCount:0 
[2018.12.16-22.04.20:233][  0]LogD3D11RHI:     Adapter Name: NVIDIA GeForce GTX 1060
[2018.12.16-22.04.20:233][  0]LogD3D11RHI:   Driver Version: Unknown (internal:Unknown, unified:Unknown)
[2018.12.16-22.04.20:233][  0]LogD3D11RHI:      Driver Date: Unknown
[2018.12.16-22.04.20:233][  0]LogRHI: Texture pool is 1361 MB (70% of 1945 MB)
[2018.12.16-22.04.20:265][  0]LogD3D11RHI: Async texture creation enabled
[2018.12.16-22.04.20:299][  0]LogD3D11RHI: GPU Timing Frequency: 1000.000000 (Debug: 2 2)
[2018.12.16-22.04.20:300][  0]LogShaderCompilers: Guid format shader working directory is -12 characters bigger than the processId version (../../../../../../Users/Bacchus/Documents/Unreal Projects/U/Intermediate/Shaders/WorkingDirectory/17220/).
[2018.12.16-22.04.20:300][  0]LogShaderCompilers: Cleaned the shader compiler working directory 'C:/Users/Bacchus/AppData/Local/Temp/UnrealShaderWorkingDir/5C1FBA9F4F43FA3A977D4B8D409EFCD8/'.
[2018.12.16-22.04.20:300][  0]LogShaderCompilers:Display: Using Local Shader Compiler.
[2018.12.16-22.04.21:125][  0]LogTemp:Display: Loaded TP AllDesktopTargetPlatform
[2018.12.16-22.04.21:179][  0]LogTemp:Display: Loaded TP MacClientTargetPlatform
[2018.12.16-22.04.21:231][  0]LogTemp:Display: Loaded TP MacNoEditorTargetPlatform
[2018.12.16-22.04.21:284][  0]LogTemp:Display: Loaded TP MacServerTargetPlatform
[2018.12.16-22.04.21:339][  0]LogTemp:Display: Loaded TP MacTargetPlatform
[2018.12.16-22.04.21:394][  0]LogTemp:Display: Loaded TP WindowsClientTargetPlatform
[2018.12.16-22.04.21:447][  0]LogTemp:Display: Loaded TP WindowsNoEditorTargetPlatform
[2018.12.16-22.04.21:501][  0]LogTemp:Display: Loaded TP WindowsServerTargetPlatform
[2018.12.16-22.04.21:550][  0]LogTemp:Display: Loaded TP WindowsTargetPlatform
[2018.12.16-22.04.21:603][  0]LogTemp:Display: Loaded TP AndroidTargetPlatform
[2018.12.16-22.04.21:656][  0]LogTemp:Display: Loaded TP Android_ASTCTargetPlatform
[2018.12.16-22.04.21:709][  0]LogTemp:Display: Loaded TP Android_ATCTargetPlatform
[2018.12.16-22.04.21:762][  0]LogTemp:Display: Loaded TP Android_DXTTargetPlatform
[2018.12.16-22.04.21:815][  0]LogTemp:Display: Loaded TP Android_ETC1TargetPlatform
[2018.12.16-22.04.21:869][  0]LogTemp:Display: Loaded TP Android_ETC2TargetPlatform
[2018.12.16-22.04.21:975][  0]LogTemp:Display: Loaded TP Android_MultiTargetPlatform
[2018.12.16-22.04.21:975][  0]LogTemp:Display: Loaded TP Android_PVRTCTargetPlatform
[2018.12.16-22.04.22:021][  0]LogTemp:Display: Loaded TP HTML5TargetPlatform
[2018.12.16-22.04.22:121][  0]LogTemp:Display: Loaded TP IOSTargetPlatform
[2018.12.16-22.04.22:152][  0]LogTemp:Display: Loaded TP TVOSTargetPlatform
[2018.12.16-22.04.22:204][  0]LogTemp:Display: Loaded TP LinuxClientTargetPlatform
[2018.12.16-22.04.22:257][  0]LogTemp:Display: Loaded TP LinuxNoEditorTargetPlatform
[2018.12.16-22.04.22:310][  0]LogTemp:Display: Loaded TP LinuxServerTargetPlatform
[2018.12.16-22.04.22:362][  0]LogTemp:Display: Loaded TP LinuxTargetPlatform
[2018.12.16-22.04.22:362][  0]LogTargetPlatformManager:Display: Building Assets For Windows
[2018.12.16-22.04.22:929][  0]LogDerivedDataCache:Display: Max Cache Size: 512 MB
[2018.12.16-22.04.22:994][  0]LogDerivedDataCache: Loaded boot cache 0.06s 90MB C:/Users/Bacchus/AppData/Local/UnrealEngine/4.16/DerivedDataCache/Boot.ddc.
[2018.12.16-22.04.22:994][  0]LogDerivedDataCache:Display: Loaded Boot cache: C:/Users/Bacchus/AppData/Local/UnrealEngine/4.16/DerivedDataCache/Boot.ddc
[2018.12.16-22.04.22:994][  0]LogDerivedDataCache: FDerivedDataBackendGraph:  Pak pak cache file ../../../../../../Users/Bacchus/Documents/Unreal Projects/U/DerivedDataCache/DDC.ddp not found, will not use a pak cache.
[2018.12.16-22.04.22:994][  0]LogDerivedDataCache: Unable to find inner node Pak for hierarchical cache Hierarchy.
[2018.12.16-22.04.22:994][  0]LogDerivedDataCache: FDerivedDataBackendGraph:  CompressedPak pak cache file ../../../../../../Users/Bacchus/Documents/Unreal Projects/U/DerivedDataCache/Compressed.ddp not found, will not use a pak cache.
[2018.12.16-22.04.22:994][  0]LogDerivedDataCache: Unable to find inner node CompressedPak for hierarchical cache Hierarchy.
[2018.12.16-22.04.23:007][  0]LogDerivedDataCache:Display: Pak cache opened for reading ../../../Engine/DerivedDataCache/Compressed.ddp.
[2018.12.16-22.04.23:019][  0]LogDerivedDataCache: Using Local data cache path C:/Users/Bacchus/AppData/Local/UnrealEngine/Common/DerivedDataCache: Writable
[2018.12.16-22.04.23:027][  0]LogMaterial: Verifying Global Shaders for PCD3D_SM5
[2018.12.16-22.04.23:027][  0]LogSlate: Using Freetype 2.6.0
[2018.12.16-22.04.23:028][  0]LogSlate: SlateFontCache - WITH_FREETYPE: 1, WITH_HARFBUZZ: 1
[2018.12.16-22.04.23:028][  0]LogSlate: SlateFontCache - WITH_FREETYPE: 1, WITH_HARFBUZZ: 1
[2018.12.16-22.04.23:292][  0]LogInit: Selected Device Profile: [Windows]
[2018.12.16-22.04.23:344][  0]LogContentStreaming: Texture pool size is 0.00 MB
[2018.12.16-22.04.23:494][  0]LogMeshUtilities: Using QuadricMeshReduction for automatic static mesh reduction
[2018.12.16-22.04.23:546][  0]LogSimplygon: Simplygon DLL not present - disabling.
[2018.12.16-22.04.23:602][  0]LogMeshUtilities: Using SimplygonSwarm for distributed automatic mesh merging
[2018.12.16-22.04.23:602][  0]LogMeshUtilities: No automatic skeletal mesh reduction module available
[2018.12.16-22.04.23:602][  0]LogMeshUtilities: No automatic mesh merging module available
[2018.12.16-22.04.24:113][  0]LogNetVersion: U , NetCL: 3452394, EngineNetVer: 2, GameNetVer: 0 (Checksum: 3173040732)
[2018.12.16-22.04.24:176][  0]LogAssetRegistry: FAssetRegistry took 0.0251 seconds to start up
[2018.12.16-22.04.24:229][  0]LogPackageLocalizationCache: Processed 4 localized package path(s) for 2 prioritized culture(s) in 0.027652 seconds
[2018.12.16-22.04.24:232][  0]LogUObjectArray: 34194 objects as part of root set at end of initial load.
[2018.12.16-22.04.24:232][  0]LogUObjectAllocator: 7260416 out of 0 bytes used by permanent object pool.
[2018.12.16-22.04.24:232][  0]LogUObjectArray: CloseDisregardForGC: 0/0 objects in disregard for GC pool
[2018.12.16-22.04.24:308][  0]LogInit: WinSock: version 1.1 (2.2), MaxSocks=32767, MaxUdp=65467
[2018.12.16-22.04.26:659][  0]LogTcpMessaging: Initializing TcpMessaging bridge
[2018.12.16-22.04.26:704][  0]LogUdpMessaging: Initializing bridge on interface 0.0.0.0:0 to multicast group 230.0.0.1:6666.
[2018.12.16-22.04.27:277][  0]LogMaterial: Uniform references updated for custom material expression Custom.
[2018.12.16-22.04.27:712][  0]SourceControl: Info Source control is disabled
[2018.12.16-22.04.27:751][  0]SourceControl: Info Source control is disabled
[2018.12.16-22.04.27:807][  0]SourceControl: Info Source control is disabled
[2018.12.16-22.04.27:862][  0]SourceControl: Info Source control is disabled
[2018.12.16-22.04.28:151][  0]LogLinker:Warning: Can't find file '/Game/ThirdPersonBP/ThirdPersonOverview'
[2018.12.16-22.04.28:151][  0]LogLinker:Warning: Can't find file '/Game/ThirdPersonBP/ThirdPersonOverview'
[2018.12.16-22.04.28:151][  0]LogUObjectGlobals:Warning: Failed to find object 'Class /Game/ThirdPersonBP/ThirdPersonOverview.ThirdPersonOverview_C'
[2018.12.16-22.04.28:628][  0]LogAndroidPermission: UAndroidPermissionCallbackProxy::GetInstance
[2018.12.16-22.04.29:291][  0]LogEngine: Initializing Engine...
[2018.12.16-22.04.29:291][  0]LogHMD: Failed to initialize OpenVR with code 110
[2018.12.16-22.04.29:451][  0]LogStats: UGameplayTagsManager::ConstructGameplayTagTree: Construct from data asset -  0.000 s
[2018.12.16-22.04.29:451][  0]LogStats: UGameplayTagsManager::ConstructGameplayTagTree: GameplayTagTreeChangedEvent.Broadcast -  0.000 s
[2018.12.16-22.04.29:594][  0]LogAIModule: Creating AISystem for world Untitled
[2018.12.16-22.04.29:661][  0]LogInit: XAudio2 using 'Speakers (Realtek(R) Audio)' : 6 channels at 48 kHz using 32 bits per sample (channel mask 0x3f)
[2018.12.16-22.04.29:869][  0]LogInit: FAudioDevice initialized.
[2018.12.16-22.04.29:903][  0]LogDerivedDataCache: Saved boot cache 0.03s 90MB C:/Users/Bacchus/AppData/Local/UnrealEngine/4.16/DerivedDataCache/Boot.ddc.
[2018.12.16-22.04.29:918][  0]LogInit: Texture streaming: Enabled
[2018.12.16-22.04.30:028][  0]LogEngineSessionManager: EngineSessionManager initialized
[2018.12.16-22.04.30:269][  0]LogInit: Transaction tracking system initialized
[2018.12.16-22.04.30:624][  0]BlueprintLog: New page: Editor Load
[2018.12.16-22.04.31:678][  0]LocalizationService: Info Localization service is disabled
[2018.12.16-22.04.32:445][  0]LogConsoleResponse:Display: 
[2018.12.16-22.04.32:588][  0]LogCook:Display: Max memory allowance for cook 16384mb min free memory 0mb
[2018.12.16-22.04.32:588][  0]LogCook:Display: Mobile HDR setting 1
[2018.12.16-22.04.33:741][  0]LogFileCache: Scanning file cache for directory 'C:/Users/Bacchus/Documents/Unreal Projects/U/Content/' took 0.01s
[2018.12.16-22.04.33:793][  0]SourceControl: Info Source control is disabled
[2018.12.16-22.04.33:793][  0]Cmd: MAP LOAD FILE="../../../../../../Users/Bacchus/Documents/Unreal Projects/U/Content/FirstPersonBP/Maps/FirstPersonExampleMap.umap" TEMPLATE=0 SHOWPROGRESS=1 FEATURELEVEL=3
[2018.12.16-22.04.33:793][  0]LightingResults: New page: Lighting Build
[2018.12.16-22.04.33:840][  0]MapCheck: New page: Map Check
[2018.12.16-22.04.33:840][  0]LightingResults: New page: Lighting Build
[2018.12.16-22.04.34:294][  0]LogAIModule: Creating AISystem for world FirstPersonExampleMap
[2018.12.16-22.04.34:305][  0]LogEditorServer: Finished looking for orphan Actors (0.000 secs)
[2018.12.16-22.04.34:316][  0]Cmd: MAP CHECKDEP NOCLEARLOG
[2018.12.16-22.04.34:371][  0]MapCheck: Info Map check complete: 0 Error(s), 0 Warning(s), took 54.2ms to complete.
[2018.12.16-22.04.34:371][  0]LogFileHelpers: Loading map 'FirstPersonExampleMap' took 0.578
[2018.12.16-22.04.34:503][  0]LogCollectionManager: Loaded 0 collections in 0.001835 seconds
[2018.12.16-22.04.34:587][  0]LogFileCache: Scanning file cache for directory 'C:/Users/Bacchus/Documents/Unreal Projects/U/Saved/Collections/' took 0.01s
[2018.12.16-22.04.34:587][  0]LogFileCache: Scanning file cache for directory 'C:/Users/Bacchus/Documents/Unreal Projects/U/Content/Developers/Bacchus/Collections/' took 0.01s
[2018.12.16-22.04.34:587][  0]LogFileCache: Scanning file cache for directory 'C:/Users/Bacchus/Documents/Unreal Projects/U/Content/Collections/' took 0.01s
[2018.12.16-22.04.34:587][  0]LogCollectionManager: Rebuilt the GUID cache for 0 collections in 0.000002 seconds
[2018.12.16-22.04.34:594][  0]LogContentBrowser: Native class hierarchy populated in 0.0072 seconds. Added 2329 classes and 491 folders.
[2018.12.16-22.04.34:668][  0]LogContentBrowser: Native class hierarchy updated for 'WidgetCarousel' in 0.0004 seconds. Added 0 classes and 0 folders.
[2018.12.16-22.04.34:708][  0]LogContentBrowser: Native class hierarchy updated for 'AddContentDialog' in 0.0004 seconds. Added 0 classes and 0 folders.
[2018.12.16-22.04.34:760][  0]LogContentBrowser: Native class hierarchy updated for 'SceneOutliner' in 0.0004 seconds. Added 1 classes and 2 folders.
[2018.12.16-22.04.34:789][  0]LogCrashTracker: Crashtracker disabled due to settings.
[2018.12.16-22.04.34:793][  0]LogSlate: Took 0.000180 seconds to synchronously load lazily loaded font '../../../Engine/Content/Slate/Fonts/Roboto-Regular.ttf' (155K)
[2018.12.16-22.04.34:795][  0]LogSlate: Took 0.000216 seconds to synchronously load lazily loaded font '../../../Engine/Content/Slate/Fonts/Roboto-Bold.ttf' (160K)
[2018.12.16-22.04.34:799][  0]LogSlate: Took 0.000163 seconds to synchronously load lazily loaded font '../../../Engine/Content/Editor/Slate/Fonts/FontAwesome.ttf' (139K)
[2018.12.16-22.04.34:873][  0]LogRenderer: Reallocating scene render targets to support 896x460 NumSamples 1 (Frame:1).
[2018.12.16-22.04.34:981][  0]LogUObjectGlobals:Warning: Failed to find object 'Class None.'
[2018.12.16-22.04.35:054][  0]LogContentBrowser: Native class hierarchy updated for 'HierarchicalLODOutliner' in 0.0004 seconds. Added 1 classes and 2 folders.
[2018.12.16-22.04.35:054][  0]LogLoad: (Engine Initialization) Total time: 17.95 seconds
[2018.12.16-22.04.35:054][  0]LogLoad: (Engine Initialization) Total Blueprint compile time: 0.16 seconds
[2018.12.16-22.04.35:054][  0]LogExternalProfiler: No external profilers were discovered.  External profiling features will not be available.
[2018.12.16-22.04.35:396][  0]LogOcInput: OculusInput pre-init called
[2018.12.16-22.04.35:396][  0]LogHMD: Starting GearVRController plugin
[2018.12.16-22.04.35:412][  0]LogAssetRegistry: Asset discovery search completed in 11.2585 seconds
[2018.12.16-22.04.35:415][  0]LogCollectionManager: Rebuilt the object cache for 0 collections in 0.000000 seconds (found 0 objects)
[2018.12.16-22.04.35:415][  0]LogCollectionManager: Fixed up redirectors for 0 collections in 0.000031 seconds (updated 0 objects)
[2018.12.16-22.04.35:417][  0]LogContentStreaming: Texture pool size now 1000 MB
[2018.12.16-22.04.35:463][  0]LogSlate: Took 0.000167 seconds to synchronously load lazily loaded font '../../../Engine/Content/Slate/Fonts/Roboto-Light.ttf' (159K)
[2018.12.16-22.04.40:061][ 14]LogSlate: Took 0.000245 seconds to synchronously load lazily loaded font '../../../Engine/Content/Slate/Fonts/Roboto-Light.ttf' (159K)
[2018.12.16-22.04.40:394][ 14]LogContentBrowser: Native class hierarchy updated for 'BlueprintGraph' in 0.0007 seconds. Added 112 classes and 0 folders.
[2018.12.16-22.04.40:840][ 14]LogSlate: Took 0.000134 seconds to synchronously load lazily loaded font '../../../Engine/Content/Slate/Fonts/Roboto-Regular.ttf' (155K)
[2018.12.16-22.04.40:909][ 14]LogSlate: Took 0.004444 seconds to synchronously load lazily loaded font '../../../Engine/Content/Editor/Slate/Fonts/Roboto-BoldCondensed.ttf' (158K)
[2018.12.16-22.04.41:172][ 15]LogSlate: Took 0.005739 seconds to synchronously load lazily loaded font '../../../Engine/Content/Editor/Slate/Fonts/Roboto-Italic.ttf' (157K)
[2018.12.16-22.06.19:472][598]LogSlate: Only BGRA pngs, bmps or icos are supported in by External Image Picker
[2018.12.16-22.06.19:548][601]LogTemp: Executing iPhonePackager certificates Engine -bundlename com.YourCompany.U
[2018.12.16-22.06.19:548][601]LogTemp: CWD: C:\Program Files\Epic Games\UE_4.16\Engine\Binaries\DotNET\IOS
[2018.12.16-22.06.19:548][601]LogTemp: Initial Dir: C:\Program Files\Epic Games\UE_4.16
[2018.12.16-22.06.19:548][601]LogTemp: Env CWD: C:\Program Files\Epic Games\UE_4.16\Engine\Binaries\DotNET\IOS
[2018.12.16-22.06.19:552][601]LogTemp: BranchPath = MSI/C/Program Files/Epic Games/UE_4.16/Engine/Binaries --- GameBranchPath = MSI/C/Program Files/Epic Games/UE_4.16/Engine/Binaries
[2018.12.16-22.06.19:579][602]LogTemp: IPP ERROR: Could not find provision directory 'C:\Users\Bacchus\AppData\Local/Apple Computer/MobileDevice/Provisioning Profiles/'.
[2018.12.16-22.08.44:739][260]LogTemp: Repeting last play command: Selected Viewport
[2018.12.16-22.08.44:789][260]LogBlueprintUserMessages: Early PlayInEditor Detection: Level '/Game/FirstPersonBP/Maps/FirstPersonExampleMap.FirstPersonExampleMap:PersistentLevel' has LevelScriptBlueprint '/Game/FirstPersonBP/Maps/FirstPersonExampleMap.FirstPersonExampleMap:PersistentLevel.FirstPersonExampleMap' with GeneratedClass '/Game/FirstPersonBP/Maps/FirstPersonExampleMap.FirstPersonExampleMap_C' with ClassGeneratedBy '/Game/FirstPersonBP/Maps/FirstPersonExampleMap.FirstPersonExampleMap:PersistentLevel.FirstPersonExampleMap'
[2018.12.16-22.08.44:789][260]LogPlayLevel: PlayLevel: No blueprints needed recompiling
[2018.12.16-22.08.44:789][260]PIE: New page: PIE session: FirstPersonExampleMap (Dec 16, 2018, 4:08:44 PM)
[2018.12.16-22.08.44:789][260]LogPlayLevel: Creating play world package: /Game/FirstPersonBP/Maps/UEDPIE_0_FirstPersonExampleMap
[2018.12.16-22.08.44:809][260]LogPlayLevel: PIE: StaticDuplicateObject took: (0.020371s)
[2018.12.16-22.08.44:810][260]LogAIModule: Creating AISystem for world FirstPersonExampleMap
[2018.12.16-22.08.44:810][260]LogPlayLevel: PIE: World Init took: (0.000739s)
[2018.12.16-22.08.44:810][260]LogPlayLevel: PIE: Created PIE world by copying editor world from /Game/FirstPersonBP/Maps/FirstPersonExampleMap.FirstPersonExampleMap to /Game/FirstPersonBP/Maps/UEDPIE_0_FirstPersonExampleMap.FirstPersonExampleMap (0.021329s)
[2018.12.16-22.08.44:831][260]LogInit: XAudio2 using 'Speakers (Realtek(R) Audio)' : 6 channels at 48 kHz using 32 bits per sample (channel mask 0x3f)
[2018.12.16-22.08.44:885][260]LogInit: FAudioDevice initialized.
[2018.12.16-22.08.44:925][260]LogLoad: Game class is 'FirstPersonGameMode_C'
[2018.12.16-22.08.44:929][260]LogWorld: Bringing World /Game/FirstPersonBP/Maps/UEDPIE_0_FirstPersonExampleMap.FirstPersonExampleMap up for play (max tick rate 0) at 2018.12.16-19.08.44
[2018.12.16-22.08.44:930][260]LogWorld: Bringing up level for play took: 0.002681
[2018.12.16-22.08.44:982][260]LogContentBrowser: Native class hierarchy updated for 'MovieSceneCapture' in 0.0005 seconds. Added 11 classes and 0 folders.
[2018.12.16-22.08.44:984][260]PIE: Info Play in editor start time for /Game/FirstPersonBP/Maps/UEDPIE_0_FirstPersonExampleMap 0.395
[2018.12.16-22.08.44:984][260]LogBlueprintUserMessages: Late PlayInEditor Detection: Level '/Game/FirstPersonBP/Maps/FirstPersonExampleMap.FirstPersonExampleMap:PersistentLevel' has LevelScriptBlueprint '/Game/FirstPersonBP/Maps/FirstPersonExampleMap.FirstPersonExampleMap:PersistentLevel.FirstPersonExampleMap' with GeneratedClass '/Game/FirstPersonBP/Maps/FirstPersonExampleMap.FirstPersonExampleMap_C' with ClassGeneratedBy '/Game/FirstPersonBP/Maps/FirstPersonExampleMap.FirstPersonExampleMap:PersistentLevel.FirstPersonExampleMap'
[2018.12.16-22.08.53:593][252]LogCharacterMovement: Control1 is stuck and failed to move! Velocity: X=-263.76 Y=-40.91 Z=0.00 Location: X=-51.59 Y=964.05 Z=260.36 Normal: X=0.90 Y=-0.44 Z=-0.00 PenetrationDepth:9.092 Actor:Control2_5 Component:Plane BoneName:None (0 other events since notify)
[2018.12.16-22.09.06:417][748]LogBlueprintUserMessages: Early EndPlayMap Detection: Level '/Game/FirstPersonBP/Maps/FirstPersonExampleMap.FirstPersonExampleMap:PersistentLevel' has LevelScriptBlueprint '/Game/FirstPersonBP/Maps/FirstPersonExampleMap.FirstPersonExampleMap:PersistentLevel.FirstPersonExampleMap' with GeneratedClass '/Game/FirstPersonBP/Maps/FirstPersonExampleMap.FirstPersonExampleMap_C' with ClassGeneratedBy '/Game/FirstPersonBP/Maps/FirstPersonExampleMap.FirstPersonExampleMap:PersistentLevel.FirstPersonExampleMap'
[2018.12.16-22.09.06:448][748]LogBlueprintUserMessages: Late EndPlayMap Detection: Level '/Game/FirstPersonBP/Maps/FirstPersonExampleMap.FirstPersonExampleMap:PersistentLevel' has LevelScriptBlueprint '/Game/FirstPersonBP/Maps/FirstPersonExampleMap.FirstPersonExampleMap:PersistentLevel.FirstPersonExampleMap' with GeneratedClass '/Game/FirstPersonBP/Maps/FirstPersonExampleMap.FirstPersonExampleMap_C' with ClassGeneratedBy '/Game/FirstPersonBP/Maps/FirstPersonExampleMap.FirstPersonExampleMap:PersistentLevel.FirstPersonExampleMap'
[2018.12.16-22.09.09:309][ 31]LogTemp: Repeting last play command: Selected Viewport
[2018.12.16-22.09.09:329][ 31]LogBlueprintUserMessages: Early PlayInEditor Detection: Level '/Game/FirstPersonBP/Maps/FirstPersonExampleMap.FirstPersonExampleMap:PersistentLevel' has LevelScriptBlueprint '/Game/FirstPersonBP/Maps/FirstPersonExampleMap.FirstPersonExampleMap:PersistentLevel.FirstPersonExampleMap' with GeneratedClass '/Game/FirstPersonBP/Maps/FirstPersonExampleMap.FirstPersonExampleMap_C' with ClassGeneratedBy '/Game/FirstPersonBP/Maps/FirstPersonExampleMap.FirstPersonExampleMap:PersistentLevel.FirstPersonExampleMap'
[2018.12.16-22.09.09:329][ 31]LogPlayLevel: PlayLevel: No blueprints needed recompiling
[2018.12.16-22.09.09:329][ 31]PIE: New page: PIE session: FirstPersonExampleMap (Dec 16, 2018, 4:09:09 PM)
[2018.12.16-22.09.09:329][ 31]LogPlayLevel: Creating play world package: /Game/FirstPersonBP/Maps/UEDPIE_0_FirstPersonExampleMap
[2018.12.16-22.09.09:343][ 31]LogPlayLevel: PIE: StaticDuplicateObject took: (0.014263s)
[2018.12.16-22.09.09:344][ 31]LogAIModule: Creating AISystem for world FirstPersonExampleMap
[2018.12.16-22.09.09:344][ 31]LogPlayLevel: PIE: World Init took: (0.000699s)
[2018.12.16-22.09.09:344][ 31]LogPlayLevel: PIE: Created PIE world by copying editor world from /Game/FirstPersonBP/Maps/FirstPersonExampleMap.FirstPersonExampleMap to /Game/FirstPersonBP/Maps/UEDPIE_0_FirstPersonExampleMap.FirstPersonExampleMap (0.015137s)
[2018.12.16-22.09.09:360][ 31]LogInit: XAudio2 using 'Speakers (Realtek(R) Audio)' : 6 channels at 48 kHz using 32 bits per sample (channel mask 0x3f)
[2018.12.16-22.09.09:415][ 31]LogInit: FAudioDevice initialized.
[2018.12.16-22.09.09:445][ 31]LogLoad: Game class is 'FirstPersonGameMode_C'
[2018.12.16-22.09.09:448][ 31]LogWorld: Bringing World /Game/FirstPersonBP/Maps/UEDPIE_0_FirstPersonExampleMap.FirstPersonExampleMap up for play (max tick rate 0) at 2018.12.16-19.09.09
[2018.12.16-22.09.09:449][ 31]LogWorld: Bringing up level for play took: 0.002197
[2018.12.16-22.09.09:450][ 31]PIE: Info Play in editor start time for /Game/FirstPersonBP/Maps/UEDPIE_0_FirstPersonExampleMap 0.861
[2018.12.16-22.09.09:450][ 31]LogBlueprintUserMessages: Late PlayInEditor Detection: Level '/Game/FirstPersonBP/Maps/FirstPersonExampleMap.FirstPersonExampleMap:PersistentLevel' has LevelScriptBlueprint '/Game/FirstPersonBP/Maps/FirstPersonExampleMap.FirstPersonExampleMap:PersistentLevel.FirstPersonExampleMap' with GeneratedClass '/Game/FirstPersonBP/Maps/FirstPersonExampleMap.FirstPersonExampleMap_C' with ClassGeneratedBy '/Game/FirstPersonBP/Maps/FirstPersonExampleMap.FirstPersonExampleMap:PersistentLevel.FirstPersonExampleMap'
[2018.12.16-22.09.16:179][814]LogBlueprintUserMessages: Early EndPlayMap Detection: Level '/Game/FirstPersonBP/Maps/FirstPersonExampleMap.FirstPersonExampleMap:PersistentLevel' has LevelScriptBlueprint '/Game/FirstPersonBP/Maps/FirstPersonExampleMap.FirstPersonExampleMap:PersistentLevel.FirstPersonExampleMap' with GeneratedClass '/Game/FirstPersonBP/Maps/FirstPersonExampleMap.FirstPersonExampleMap_C' with ClassGeneratedBy '/Game/FirstPersonBP/Maps/FirstPersonExampleMap.FirstPersonExampleMap:PersistentLevel.FirstPersonExampleMap'
[2018.12.16-22.09.16:215][814]LogBlueprintUserMessages: Late EndPlayMap Detection: Level '/Game/FirstPersonBP/Maps/FirstPersonExampleMap.FirstPersonExampleMap:PersistentLevel' has LevelScriptBlueprint '/Game/FirstPersonBP/Maps/FirstPersonExampleMap.FirstPersonExampleMap:PersistentLevel.FirstPersonExampleMap' with GeneratedClass '/Game/FirstPersonBP/Maps/FirstPersonExampleMap.FirstPersonExampleMap_C' with ClassGeneratedBy '/Game/FirstPersonBP/Maps/FirstPersonExampleMap.FirstPersonExampleMap:PersistentLevel.FirstPersonExampleMap'
[2018.12.16-22.09.22:324][321]LogSavePackage: Save=158.28ms
[2018.12.16-22.09.22:324][321]LogSavePackage: Moving '../../../../../../Users/Bacchus/Documents/Unreal Projects/U/Saved/FirstPersonExampleMapF7A5C0384056DC17795D358A2A375594.tmp' to '../../../../../../Users/Bacchus/Documents/Unreal Projects/U/Content/FirstPersonBP/Maps/FirstPersonExampleMap.umap'
[2018.12.16-22.09.22:325][321]LogSavePackage:Display: Finished SavePackage ../../../../../../Users/Bacchus/Documents/Unreal Projects/U/Content/FirstPersonBP/Maps/FirstPersonExampleMap.umap
[2018.12.16-22.09.23:220][321]LogSavePackage: Save=847.85ms
[2018.12.16-22.09.23:220][321]LogSavePackage: Moving '../../../../../../Users/Bacchus/Documents/Unreal Projects/U/Saved/FirstPersonExampleMap_BuiltDataF321A1C74A22F2AD609C93BA1550FC04.tmp' to '../../../../../../Users/Bacchus/Documents/Unreal Projects/U/Content/FirstPersonBP/Maps/FirstPersonExampleMap_BuiltData.uasset'
[2018.12.16-22.09.23:222][321]LogSavePackage:Display: Finished SavePackage ../../../../../../Users/Bacchus/Documents/Unreal Projects/U/Content/FirstPersonBP/Maps/FirstPersonExampleMap_BuiltData.uasset
[2018.12.16-22.09.25:195][517]LogTemp: Repeting last play command: Selected Viewport
[2018.12.16-22.09.25:212][517]LogBlueprintUserMessages: Early PlayInEditor Detection: Level '/Game/FirstPersonBP/Maps/FirstPersonExampleMap.FirstPersonExampleMap:PersistentLevel' has LevelScriptBlueprint '/Game/FirstPersonBP/Maps/FirstPersonExampleMap.FirstPersonExampleMap:PersistentLevel.FirstPersonExampleMap' with GeneratedClass '/Game/FirstPersonBP/Maps/FirstPersonExampleMap.FirstPersonExampleMap_C' with ClassGeneratedBy '/Game/FirstPersonBP/Maps/FirstPersonExampleMap.FirstPersonExampleMap:PersistentLevel.FirstPersonExampleMap'
[2018.12.16-22.09.25:212][517]LogPlayLevel: PlayLevel: No blueprints needed recompiling
[2018.12.16-22.09.25:212][517]PIE: New page: PIE session: FirstPersonExampleMap (Dec 16, 2018, 4:09:25 PM)
[2018.12.16-22.09.25:212][517]LogPlayLevel: Creating play world package: /Game/FirstPersonBP/Maps/UEDPIE_0_FirstPersonExampleMap
[2018.12.16-22.09.25:229][517]LogPlayLevel: PIE: StaticDuplicateObject took: (0.016286s)
[2018.12.16-22.09.25:230][517]LogAIModule: Creating AISystem for world FirstPersonExampleMap
[2018.12.16-22.09.25:230][517]LogPlayLevel: PIE: World Init took: (0.000650s)
[2018.12.16-22.09.25:230][517]LogPlayLevel: PIE: Created PIE world by copying editor world from /Game/FirstPersonBP/Maps/FirstPersonExampleMap.FirstPersonExampleMap to /Game/FirstPersonBP/Maps/UEDPIE_0_FirstPersonExampleMap.FirstPersonExampleMap (0.017117s)
[2018.12.16-22.09.25:248][517]LogInit: XAudio2 using 'Speakers (Realtek(R) Audio)' : 6 channels at 48 kHz using 32 bits per sample (channel mask 0x3f)
[2018.12.16-22.09.25:300][517]LogInit: FAudioDevice initialized.
[2018.12.16-22.09.25:335][517]LogLoad: Game class is 'FirstPersonGameMode_C'
[2018.12.16-22.09.25:338][517]LogWorld: Bringing World /Game/FirstPersonBP/Maps/UEDPIE_0_FirstPersonExampleMap.FirstPersonExampleMap up for play (max tick rate 0) at 2018.12.16-19.09.25
[2018.12.16-22.09.25:338][517]LogWorld: Bringing up level for play took: 0.002172
[2018.12.16-22.09.25:340][517]PIE: Info Play in editor start time for /Game/FirstPersonBP/Maps/UEDPIE_0_FirstPersonExampleMap 0.751
[2018.12.16-22.09.25:340][517]LogBlueprintUserMessages: Late PlayInEditor Detection: Level '/Game/FirstPersonBP/Maps/FirstPersonExampleMap.FirstPersonExampleMap:PersistentLevel' has LevelScriptBlueprint '/Game/FirstPersonBP/Maps/FirstPersonExampleMap.FirstPersonExampleMap:PersistentLevel.FirstPersonExampleMap' with GeneratedClass '/Game/FirstPersonBP/Maps/FirstPersonExampleMap.FirstPersonExampleMap_C' with ClassGeneratedBy '/Game/FirstPersonBP/Maps/FirstPersonExampleMap.FirstPersonExampleMap:PersistentLevel.FirstPersonExampleMap'
[2018.12.16-22.09.27:816][799]LogBlueprintUserMessages: Early EndPlayMap Detection: Level '/Game/FirstPersonBP/Maps/FirstPersonExampleMap.FirstPersonExampleMap:PersistentLevel' has LevelScriptBlueprint '/Game/FirstPersonBP/Maps/FirstPersonExampleMap.FirstPersonExampleMap:PersistentLevel.FirstPersonExampleMap' with GeneratedClass '/Game/FirstPersonBP/Maps/FirstPersonExampleMap.FirstPersonExampleMap_C' with ClassGeneratedBy '/Game/FirstPersonBP/Maps/FirstPersonExampleMap.FirstPersonExampleMap:PersistentLevel.FirstPersonExampleMap'
[2018.12.16-22.09.27:851][799]LogBlueprintUserMessages: Late EndPlayMap Detection: Level '/Game/FirstPersonBP/Maps/FirstPersonExampleMap.FirstPersonExampleMap:PersistentLevel' has LevelScriptBlueprint '/Game/FirstPersonBP/Maps/FirstPersonExampleMap.FirstPersonExampleMap:PersistentLevel.FirstPersonExampleMap' with GeneratedClass '/Game/FirstPersonBP/Maps/FirstPersonExampleMap.FirstPersonExampleMap_C' with ClassGeneratedBy '/Game/FirstPersonBP/Maps/FirstPersonExampleMap.FirstPersonExampleMap:PersistentLevel.FirstPersonExampleMap'
[2018.12.16-22.09.33:561][338]LogWindowsTextInputMethodSystem:Display: IME system now deactivated.
[2018.12.16-22.09.33:748][339]Cmd: QUIT_EDITOR
[2018.12.16-22.09.34:078][339]LogExit: Preparing to exit.
[2018.12.16-22.09.34:879][339]LogDirectoryWatcher: A directory notification for 'C:/Users/Bacchus/Documents/Unreal Projects/U/Content/' was aborted.
[2018.12.16-22.09.34:903][339]LogExit: Editor shut down
[2018.12.16-22.09.34:906][339]LogExit: Transaction tracking system shut down
[2018.12.16-22.09.34:998][339]LogObj: Freed 0b from 0 cluster array pools.
[2018.12.16-22.09.34:998][339]LogExit: Object subsystem successfully closed.
[2018.12.16-22.09.35:022][339]LogD3D11RHI: Shutdown
[2018.12.16-22.09.35:022][339]LogD3D11RHI: CleanupD3DDevice
[2018.12.16-22.09.35:101][339]LogD3D11RHI: ~FD3D11DynamicRHI
[2018.12.16-22.09.35:117][339]LogModuleManager: Shutting down and abandoning module MovieSceneCapture (532)
[2018.12.16-22.09.35:117][339]LogModuleManager: Shutting down and abandoning module ExternalImagePicker (530)
[2018.12.16-22.09.35:117][339]LogModuleManager: Shutting down and abandoning module BlueprintGraph (528)
[2018.12.16-22.09.35:117][339]LogModuleManager: Shutting down and abandoning module BlueprintProfiler (526)
[2018.12.16-22.09.35:118][339]LogModuleManager: Shutting down and abandoning module HierarchicalLODOutliner (524)
[2018.12.16-22.09.35:118][339]LogModuleManager: Shutting down and abandoning module CrashTracker (522)
[2018.12.16-22.09.35:118][339]LogModuleManager: Shutting down and abandoning module SceneOutliner (520)
[2018.12.16-22.09.35:118][339]LogModuleManager: Shutting down and abandoning module AddContentDialog (518)
[2018.12.16-22.09.35:118][339]LogDirectoryWatcher: A directory notification for 'C:/Program Files/Epic Games/UE_4.16/FeaturePacks/' was aborted.
[2018.12.16-22.09.35:122][339]LogModuleManager: Shutting down and abandoning module WidgetCarousel (517)
[2018.12.16-22.09.35:122][339]LogModuleManager: Shutting down and abandoning module EditorWidgets (514)
[2018.12.16-22.09.35:122][339]LogModuleManager: Shutting down and abandoning module CollectionManager (512)
[2018.12.16-22.09.35:122][339]LogDirectoryWatcher: A directory notification for 'C:/Users/Bacchus/Documents/Unreal Projects/U/Content/Collections/' was aborted.
[2018.12.16-22.09.35:122][339]LogDirectoryWatcher: A directory notification for 'C:/Users/Bacchus/Documents/Unreal Projects/U/Content/Developers/Bacchus/Collections/' was aborted.
[2018.12.16-22.09.35:122][339]LogDirectoryWatcher: A directory notification for 'C:/Users/Bacchus/Documents/Unreal Projects/U/Saved/Collections/' was aborted.
[2018.12.16-22.09.35:122][339]LogModuleManager: Shutting down and abandoning module StatsViewer (510)
[2018.12.16-22.09.35:122][339]LogModuleManager: Shutting down and abandoning module FoliageEdit (508)
[2018.12.16-22.09.35:122][339]LogModuleManager: Shutting down and abandoning module LandscapeEditor (506)
[2018.12.16-22.09.35:122][339]LogModuleManager: Shutting down and abandoning module MeshPaintMode (504)
[2018.12.16-22.09.35:122][339]LogModuleManager: Shutting down and abandoning module SceneDepthPickerMode (502)
[2018.12.16-22.09.35:122][339]LogModuleManager: Shutting down and abandoning module ActorPickerMode (500)
[2018.12.16-22.09.35:122][339]LogModuleManager: Shutting down and abandoning module GeometryMode (498)
[2018.12.16-22.09.35:122][339]LogModuleManager: Shutting down and abandoning module TextureAlignMode (496)
[2018.12.16-22.09.35:122][339]LogModuleManager: Shutting down and abandoning module BspMode (494)
[2018.12.16-22.09.35:122][339]LogModuleManager: Shutting down and abandoning module HardwareSurvey (492)
[2018.12.16-22.09.35:122][339]LogModuleManager: Shutting down and abandoning module SequenceRecorderSections (490)
[2018.12.16-22.09.35:122][339]LogModuleManager: Shutting down and abandoning module AutomationWorker (488)
[2018.12.16-22.09.35:122][339]LogModuleManager: Shutting down and abandoning module MatineeToLevelSequence (486)
[2018.12.16-22.09.35:122][339]LogModuleManager: Shutting down and abandoning module LevelSequenceEditor (484)
[2018.12.16-22.09.35:122][339]LogModuleManager: Shutting down and abandoning module PlacementMode (483)
[2018.12.16-22.09.35:122][339]LogModuleManager: Shutting down and abandoning module WmfMediaFactory (480)
[2018.12.16-22.09.35:122][339]LogModuleManager: Shutting down and abandoning module WmfMediaEditor (478)
[2018.12.16-22.09.35:122][339]LogModuleManager: Shutting down and abandoning module AvfMediaFactory (476)
[2018.12.16-22.09.35:122][339]LogModuleManager: Shutting down and abandoning module AvfMediaEditor (474)
[2018.12.16-22.09.35:122][339]LogModuleManager: Shutting down and abandoning module AndroidMediaFactory (472)
[2018.12.16-22.09.35:122][339]LogModuleManager: Shutting down and abandoning module Media (471)
[2018.12.16-22.09.35:122][339]LogModuleManager: Shutting down and abandoning module AndroidMediaEditor (468)
[2018.12.16-22.09.35:122][339]LogModuleManager: Shutting down and abandoning module CharacterAI (466)
[2018.12.16-22.09.35:122][339]LogModuleManager: Shutting down and abandoning module AudioCapture (464)
[2018.12.16-22.09.35:122][339]LogModuleManager: Shutting down and abandoning module SequenceRecorder (463)
[2018.12.16-22.09.35:124][339]LogModuleManager: Shutting down and abandoning module SmartSnapping (460)
[2018.12.16-22.09.35:124][339]LogModuleManager: Shutting down and abandoning module SessionServices (458)
[2018.12.16-22.09.35:124][339]LogModuleManager: Shutting down and abandoning module ViewportSnapping (456)
[2018.12.16-22.09.35:124][339]LogModuleManager: Shutting down and abandoning module ViewportInteraction (454)
[2018.12.16-22.09.35:124][339]LogModuleManager: Shutting down and abandoning module ClothPainter (452)
[2018.12.16-22.09.35:124][339]LogModuleManager: Shutting down and abandoning module LogVisualizer (450)
[2018.12.16-22.09.35:124][339]LogModuleManager: Shutting down and abandoning module IntroTutorials (448)
[2018.12.16-22.09.35:124][339]LogModuleManager: Shutting down and abandoning module GameProjectGeneration (447)
[2018.12.16-22.09.35:124][339]LogModuleManager: Shutting down and abandoning module EditorLiveStreaming (444)
[2018.12.16-22.09.35:124][339]LogModuleManager: Shutting down and abandoning module IOSPlatformEditor (442)
[2018.12.16-22.09.35:124][339]LogModuleManager: Shutting down and abandoning module HTML5PlatformEditor (440)
[2018.12.16-22.09.35:124][339]LogModuleManager: Shutting down and abandoning module AndroidPlatformEditor (438)
[2018.12.16-22.09.35:124][339]LogModuleManager: Shutting down and abandoning module AndroidDeviceDetection (437)
[2018.12.16-22.09.35:220][339]LogModuleManager: Shutting down and abandoning module IOSRuntimeSettings (434)
[2018.12.16-22.09.35:220][339]LogModuleManager: Shutting down and abandoning module AndroidRuntimeSettings (432)
[2018.12.16-22.09.35:221][339]LogModuleManager: Shutting down and abandoning module InputBindingEditor (430)
[2018.12.16-22.09.35:221][339]LogModuleManager: Shutting down and abandoning module MergeActors (428)
[2018.12.16-22.09.35:221][339]LogModuleManager: Shutting down and abandoning module SizeMap (426)
[2018.12.16-22.09.35:221][339]LogModuleManager: Shutting down and abandoning module TreeMap (424)
[2018.12.16-22.09.35:221][339]LogModuleManager: Shutting down and abandoning module ReferenceViewer (422)
[2018.12.16-22.09.35:221][339]LogModuleManager: Shutting down and abandoning module LocalizationDashboard (420)
[2018.12.16-22.09.35:221][339]LogModuleManager: Shutting down and abandoning module LocalizationService (419)
[2018.12.16-22.09.35:221][339]LogModuleManager: Shutting down and abandoning module HardwareTargeting (416)
[2018.12.16-22.09.35:221][339]LogModuleManager: Shutting down and abandoning module DeviceProfileEditor (414)
[2018.12.16-22.09.35:221][339]LogModuleManager: Shutting down and abandoning module UndoHistory (412)
[2018.12.16-22.09.35:221][339]LogModuleManager: Shutting down and abandoning module UserFeedback (410)
[2018.12.16-22.09.35:221][339]LogModuleManager: Shutting down and abandoning module XmlParser (408)
[2018.12.16-22.09.35:221][339]LogModuleManager: Shutting down and abandoning module Blutility (406)
[2018.12.16-22.09.35:221][339]LogModuleManager: Shutting down and abandoning module ProjectSettingsViewer (404)
[2018.12.16-22.09.35:221][339]LogModuleManager: Shutting down and abandoning module ProjectTargetPlatformEditor (403)
[2018.12.16-22.09.35:221][339]LogModuleManager: Shutting down and abandoning module EditorSettingsViewer (400)
[2018.12.16-22.09.35:221][339]LogModuleManager: Shutting down and abandoning module SettingsEditor (398)
[2018.12.16-22.09.35:221][339]LogModuleManager: Shutting down and abandoning module ProjectLauncher (396)
[2018.12.16-22.09.35:221][339]LogModuleManager: Shutting down and abandoning module SessionFrontend (394)
[2018.12.16-22.09.35:221][339]LogModuleManager: Shutting down and abandoning module ProfilerClient (392)
[2018.12.16-22.09.35:221][339]LogModuleManager: Shutting down and abandoning module DeviceManager (390)
[2018.12.16-22.09.35:221][339]LogModuleManager: Shutting down and abandoning module TargetDeviceServices (389)
[2018.12.16-22.09.35:265][339]LogModuleManager: Shutting down and abandoning module AutomationController (386)
[2018.12.16-22.09.35:265][339]LogModuleManager: Shutting down and abandoning module AutomationWindow (384)
[2018.12.16-22.09.35:265][339]LogModuleManager: Shutting down and abandoning module Layers (382)
[2018.12.16-22.09.35:265][339]LogModuleManager: Shutting down and abandoning module ComponentVisualizers (380)
[2018.12.16-22.09.35:265][339]LogModuleManager: Shutting down and abandoning module DetailCustomizations (378)
[2018.12.16-22.09.35:265][339]LogModuleManager: Shutting down and abandoning module PackagesDialog (376)
[2018.12.16-22.09.35:265][339]LogModuleManager: Shutting down and abandoning module Persona (374)
[2018.12.16-22.09.35:265][339]LogModuleManager: Shutting down and abandoning module AdvancedPreviewScene (373)
[2018.12.16-22.09.35:265][339]LogModuleManager: Shutting down and abandoning module AnimGraph (371)
[2018.12.16-22.09.35:265][339]LogModuleManager: Shutting down and abandoning module Kismet (368)
[2018.12.16-22.09.35:269][339]LogModuleManager: Shutting down and abandoning module ClassViewer (366)
[2018.12.16-22.09.35:269][339]LogModuleManager: Shutting down and abandoning module Toolbox (364)
[2018.12.16-22.09.35:269][339]LogModuleManager: Shutting down and abandoning module ModuleUI (362)
[2018.12.16-22.09.35:269][339]LogModuleManager: Shutting down and abandoning module MovieSceneTools (360)
[2018.12.16-22.09.35:269][339]LogModuleManager: Shutting down and abandoning module OutputLog (358)
[2018.12.16-22.09.35:269][339]LogModuleManager: Shutting down and abandoning module GammaUI (356)
[2018.12.16-22.09.35:269][339]LogModuleManager: Shutting down and abandoning module Documentation (354)
[2018.12.16-22.09.35:269][339]LogModuleManager: Shutting down and abandoning module MovieSceneTracks (352)
[2018.12.16-22.09.35:269][339]LogModuleManager: Shutting down and abandoning module MovieScene (350)
[2018.12.16-22.09.35:269][339]LogModuleManager: Shutting down and abandoning module Niagara (348)
[2018.12.16-22.09.35:269][339]LogModuleManager: Shutting down and abandoning module NiagaraEditor (347)
[2018.12.16-22.09.35:269][339]LogModuleManager: Shutting down and abandoning module StreamingPauseRendering (344)
[2018.12.16-22.09.35:269][339]LogModuleManager: Shutting down and abandoning module AnalyticsET (342)
[2018.12.16-22.09.35:269][339]LogModuleManager: Shutting down and abandoning module PortalServices (340)
[2018.12.16-22.09.35:269][339]LogModuleManager: Shutting down and abandoning module PortalRpc (338)
[2018.12.16-22.09.35:269][339]LogModuleManager: Shutting down and abandoning module MessagingRpc (336)
[2018.12.16-22.09.35:269][339]LogModuleManager: Shutting down and abandoning module AIModule (334)
[2018.12.16-22.09.35:270][339]LogModuleManager: Shutting down and abandoning module GameplayDebugger (333)
[2018.12.16-22.09.35:270][339]LogModuleManager: Shutting down and abandoning module AITestSuite (331)
[2018.12.16-22.09.35:270][339]LogModuleManager: Shutting down and abandoning module ProfilerService (328)
[2018.12.16-22.09.35:516][339]LogModuleManager: Shutting down and abandoning module TaskGraph (326)
[2018.12.16-22.09.35:516][339]LogModuleManager: Shutting down and abandoning module SteamVRController (324)
[2018.12.16-22.09.35:516][339]LogModuleManager: Shutting down and abandoning module SteamVR (322)
[2018.12.16-22.09.35:516][339]LogModuleManager: Shutting down and abandoning module ProceduralMeshComponentEditor (320)
[2018.12.16-22.09.35:516][339]LogModuleManager: Shutting down and abandoning module ProceduralMeshComponent (318)
[2018.12.16-22.09.35:516][339]LogModuleManager: Shutting down and abandoning module OculusLibrary (316)
[2018.12.16-22.09.35:516][339]LogModuleManager: Shutting down and abandoning module OculusInput (314)
[2018.12.16-22.09.35:516][339]LogModuleManager: Shutting down and abandoning module MobilePatchingUtils (312)
[2018.12.16-22.09.35:516][339]LogModuleManager: Shutting down and abandoning module CustomMeshComponent (310)
[2018.12.16-22.09.35:516][339]LogModuleManager: Shutting down and abandoning module CableComponent (308)
[2018.12.16-22.09.35:516][339]LogModuleManager: Shutting down and abandoning module ArchVisCharacter (306)
[2018.12.16-22.09.35:516][339]LogModuleManager: Shutting down and abandoning module AndroidPermission (304)
[2018.12.16-22.09.35:516][339]LogModuleManager: Shutting down and abandoning module MediaPlayerEditor (300)
[2018.12.16-22.09.35:516][339]LogModuleManager: Shutting down and abandoning module HTML5Networking (298)
[2018.12.16-22.09.35:516][339]LogModuleManager: Shutting down and abandoning module AlembicImporter (296)
[2018.12.16-22.09.35:516][339]LogModuleManager: Shutting down and abandoning module AlembicLibrary (295)
[2018.12.16-22.09.35:516][339]LogModuleManager: Shutting down and abandoning module GeometryCache (294)
[2018.12.16-22.09.35:516][339]LogModuleManager: Shutting down and abandoning module GeometryCacheEd (293)
[2018.12.16-22.09.35:516][339]LogModuleManager: Shutting down and abandoning module SuperSearchEditor (288)
[2018.12.16-22.09.35:516][339]LogModuleManager: Shutting down and abandoning module SuperSearch (287)
[2018.12.16-22.09.35:516][339]LogModuleManager: Shutting down and abandoning module SpeedTreeImporter (284)
[2018.12.16-22.09.35:516][339]LogModuleManager: Shutting down and abandoning module PluginBrowser (282)
[2018.12.16-22.09.35:516][339]LogModuleManager: Shutting down and abandoning module MobileLauncherProfileWizard (280)
[2018.12.16-22.09.35:516][339]LogModuleManager: Shutting down and abandoning module VisualStudioSourceCodeAccess (278)
[2018.12.16-22.09.35:516][339]LogModuleManager: Shutting down and abandoning module DesktopPlatform (277)
[2018.12.16-22.09.35:516][339]LogModuleManager: Shutting down and abandoning module UObjectPlugin (274)
[2018.12.16-22.09.35:516][339]LogModuleManager: Shutting down and abandoning module SubversionSourceControl (272)
[2018.12.16-22.09.35:516][339]LogModuleManager: Shutting down and abandoning module PerforceSourceControl (270)
[2018.12.16-22.09.35:516][339]LogModuleManager: Shutting down and abandoning module GitSourceControl (268)
[2018.12.16-22.09.35:516][339]LogModuleManager: Shutting down and abandoning module SourceControl (267)
[2018.12.16-22.09.35:516][339]LogModuleManager: Shutting down and abandoning module LightPropagationVolumeEditor (264)
[2018.12.16-22.09.35:516][339]LogModuleManager: Shutting down and abandoning module PaperTiledImporter (262)
[2018.12.16-22.09.35:516][339]LogModuleManager: Shutting down and abandoning module PaperSpriteSheetImporter (260)
[2018.12.16-22.09.35:516][339]LogModuleManager: Shutting down and abandoning module Paper2DEditor (258)
[2018.12.16-22.09.35:517][339]LogModuleManager: Shutting down and abandoning module MeshPaint (257)
[2018.12.16-22.09.35:517][339]LogModuleManager: Shutting down and abandoning module LevelEditor (255)
[2018.12.16-22.09.35:517][339]LogModuleManager: Shutting down and abandoning module PixelInspectorModule (254)
[2018.12.16-22.09.35:517][339]LogModuleManager: Shutting down and abandoning module MainFrame (252)
[2018.12.16-22.09.35:517][339]LogModuleManager: Shutting down and abandoning module HotReload (251)
[2018.12.16-22.09.35:517][339]LogModuleManager: Shutting down and abandoning module PhysXVehiclesEditor (246)
[2018.12.16-22.09.35:517][339]LogModuleManager: Shutting down and abandoning module PhysXVehicles (244)
[2018.12.16-22.09.35:517][339]LogModuleManager: Shutting down and abandoning module LocationServicesBPLibrary (242)
[2018.12.16-22.09.35:517][339]LogModuleManager: Shutting down and abandoning module ImmediatePhysicsEditor (240)
[2018.12.16-22.09.35:517][339]LogModuleManager: Shutting down and abandoning module ImmediatePhysics (238)
[2018.12.16-22.09.35:517][339]LogModuleManager: Shutting down and abandoning module UdpMessaging (236)
[2018.12.16-22.09.35:619][339]LogModuleManager: Shutting down and abandoning module TcpMessaging (234)
[2018.12.16-22.09.35:823][339]LogModuleManager: Shutting down and abandoning module GameplayTagsEditor (232)
[2018.12.16-22.09.35:823][339]LogModuleManager: Shutting down and abandoning module FacialAnimationEditor (230)
[2018.12.16-22.09.35:823][339]LogModuleManager: Shutting down and abandoning module FacialAnimation (228)
[2018.12.16-22.09.35:823][339]LogModuleManager: Shutting down and abandoning module AssetManagerEditor (226)
[2018.12.16-22.09.35:823][339]LogModuleManager: Shutting down and abandoning module GraphEditor (225)
[2018.12.16-22.09.35:823][339]LogModuleManager: Shutting down and abandoning module ContentBrowser (223)
[2018.12.16-22.09.35:824][339]LogModuleManager: Shutting down and abandoning module LightPropagationVolumeRuntime (220)
[2018.12.16-22.09.35:824][339]LogModuleManager: Shutting down and abandoning module Paper2D (218)
[2018.12.16-22.09.35:824][339]LogModuleManager: Shutting down and abandoning module WindowsMoviePlayer (216)
[2018.12.16-22.09.35:824][339]LogModuleManager: Shutting down and abandoning module WmfMedia (214)
[2018.12.16-22.09.35:825][339]LogModuleManager: Shutting down and abandoning module ClothingSystemEditor (212)
[2018.12.16-22.09.35:825][339]LogModuleManager: Shutting down and abandoning module ClothingSystemRuntime (210)
[2018.12.16-22.09.35:825][339]LogModuleManager: Shutting down and abandoning module MediaAssets (208)
[2018.12.16-22.09.35:825][339]LogModuleManager: Shutting down and abandoning module GameLiveStreaming (206)
[2018.12.16-22.09.35:825][339]LogModuleManager: Shutting down and abandoning module VREditor (204)
[2018.12.16-22.09.35:825][339]LogModuleManager: Shutting down and abandoning module StringTableEditor (202)
[2018.12.16-22.09.35:825][339]LogModuleManager: Shutting down and abandoning module GameplayTasksEditor (200)
[2018.12.16-22.09.35:825][339]LogModuleManager: Shutting down and abandoning module BehaviorTreeEditor (198)
[2018.12.16-22.09.35:825][339]LogModuleManager: Shutting down and abandoning module FunctionalTesting (196)
[2018.12.16-22.09.35:825][339]LogModuleManager: Shutting down and abandoning module CollisionAnalyzer (194)
[2018.12.16-22.09.35:825][339]LogModuleManager: Shutting down and abandoning module UMG (192)
[2018.12.16-22.09.35:825][339]LogModuleManager: Shutting down and abandoning module UMGEditor (191)
[2018.12.16-22.09.35:826][339]LogModuleManager: Shutting down and abandoning module Sequencer (190)
[2018.12.16-22.09.35:826][339]LogModuleManager: Shutting down and abandoning module AssetTools (188)
[2018.12.16-22.09.35:826][339]LogModuleManager: Shutting down and abandoning module MessageLog (187)
[2018.12.16-22.09.35:826][339]LogModuleManager: Shutting down and abandoning module WorkspaceMenuStructure (186)
[2018.12.16-22.09.35:826][339]LogModuleManager: Shutting down and abandoning module SlateReflector (180)
[2018.12.16-22.09.35:826][339]LogModuleManager: Shutting down and abandoning module Slate (178)
[2018.12.16-22.09.35:826][339]LogModuleManager: Shutting down and abandoning module EditorStyle (176)
[2018.12.16-22.09.35:828][339]LogModuleManager: Shutting down and abandoning module SourceCodeAccess (174)
[2018.12.16-22.09.35:828][339]LogModuleManager: Shutting down and abandoning module HeadMountedDisplay (172)
[2018.12.16-22.09.35:828][339]LogModuleManager: Shutting down and abandoning module XAudio2 (170)
[2018.12.16-22.09.35:828][339]LogModuleManager: Shutting down and abandoning module Networking (168)
[2018.12.16-22.09.35:828][339]LogModuleManager: Shutting down and abandoning module Core (164)
[2018.12.16-22.09.35:828][339]LogModuleManager: Shutting down and abandoning module AssetRegistry (162)
[2018.12.16-22.09.36:034][339]LogDirectoryWatcher: A directory notification for '../../../Engine/Content/' was aborted.
[2018.12.16-22.09.36:034][339]LogDirectoryWatcher: A directory notification for '../../../../../../Users/Bacchus/Documents/Unreal Projects/U/Content/' was aborted.
[2018.12.16-22.09.36:034][339]LogDirectoryWatcher: A directory notification for '../../../Engine/Plugins/2D/Paper2D/Content/' was aborted.
[2018.12.16-22.09.36:035][339]LogDirectoryWatcher: A directory notification for '../../../Engine/Plugins/Runtime/GearVR/Content/' was aborted.
[2018.12.16-22.09.36:036][339]LogModuleManager: Shutting down and abandoning module DirectoryWatcher (161)
[2018.12.16-22.09.36:038][339]LogModuleManager: Shutting down and abandoning module KismetCompiler (158)
[2018.12.16-22.09.36:038][339]LogModuleManager: Shutting down and abandoning module LevelSequence (156)
[2018.12.16-22.09.36:038][339]LogModuleManager: Shutting down and abandoning module PhysXFormats (154)
[2018.12.16-22.09.36:038][339]LogModuleManager: Shutting down and abandoning module MeshUtilities (152)
[2018.12.16-22.09.36:038][339]LogModuleManager: Shutting down and abandoning module SimplygonSwarm (151)
[2018.12.16-22.09.36:038][339]LogModuleManager: Shutting down and abandoning module SimplygonMeshReduction (149)
[2018.12.16-22.09.36:038][339]LogModuleManager: Shutting down and abandoning module QuadricMeshReduction (147)
[2018.12.16-22.09.36:038][339]LogModuleManager: Shutting down and abandoning module DerivedDataCache (144)
[2018.12.16-22.09.36:045][339]LogDerivedDataCache: Shutdown
[2018.12.16-22.09.36:045][339]LogModuleManager: Shutting down and abandoning module TargetPlatform (142)
[2018.12.16-22.09.36:045][339]LogModuleManager: Shutting down and abandoning module VulkanShaderFormat (141)
[2018.12.16-22.09.36:045][339]LogModuleManager: Shutting down and abandoning module ShaderFormatVectorVM (139)
[2018.12.16-22.09.36:045][339]LogModuleManager: Shutting down and abandoning module ShaderFormatOpenGL (137)
[2018.12.16-22.09.36:045][339]LogModuleManager: Shutting down and abandoning module ShaderFormatD3D (135)
[2018.12.16-22.09.36:045][339]LogModuleManager: Shutting down and abandoning module MetalShaderFormat (133)
[2018.12.16-22.09.36:045][339]LogModuleManager: Shutting down and abandoning module TextureFormatUncompressed (131)
[2018.12.16-22.09.36:045][339]LogModuleManager: Shutting down and abandoning module TextureFormatPVR (129)
[2018.12.16-22.09.36:045][339]LogModuleManager: Shutting down and abandoning module TextureFormatDXT (127)
[2018.12.16-22.09.36:045][339]LogModuleManager: Shutting down and abandoning module TextureFormatIntelISPCTexComp (125)
[2018.12.16-22.09.36:045][339]LogModuleManager: Shutting down and abandoning module TextureFormatASTC (123)
[2018.12.16-22.09.36:045][339]LogModuleManager: Shutting down and abandoning module ImageWrapper (122)
[2018.12.16-22.09.36:045][339]LogModuleManager: Shutting down and abandoning module TextureFormatAndroid (119)
[2018.12.16-22.09.36:045][339]LogModuleManager: Shutting down and abandoning module AudioFormatOpus (117)
[2018.12.16-22.09.36:045][339]LogModuleManager: Shutting down and abandoning module AudioFormatOgg (115)
[2018.12.16-22.09.36:045][339]LogModuleManager: Shutting down and abandoning module AudioFormatADPCM (113)
[2018.12.16-22.09.36:045][339]LogModuleManager: Shutting down and abandoning module LinuxTargetPlatform (111)
[2018.12.16-22.09.36:045][339]LogModuleManager: Shutting down and abandoning module LinuxServerTargetPlatform (109)
[2018.12.16-22.09.36:045][339]LogModuleManager: Shutting down and abandoning module LinuxNoEditorTargetPlatform (107)
[2018.12.16-22.09.36:045][339]LogModuleManager: Shutting down and abandoning module LinuxClientTargetPlatform (105)
[2018.12.16-22.09.36:045][339]LogModuleManager: Shutting down and abandoning module TVOSTargetPlatform (103)
[2018.12.16-22.09.36:045][339]LogModuleManager: Shutting down and abandoning module Messaging (101)
[2018.12.16-22.09.36:045][339]LogModuleManager: Shutting down and abandoning module IOSTargetPlatform (99)
[2018.12.16-22.09.36:045][339]LogModuleManager: Shutting down and abandoning module HTML5TargetPlatform (97)
[2018.12.16-22.09.36:045][339]LogModuleManager: Shutting down and abandoning module Android_PVRTCTargetPlatform (95)
[2018.12.16-22.09.36:045][339]LogModuleManager: Shutting down and abandoning module Android_MultiTargetPlatform (93)
[2018.12.16-22.09.36:045][339]LogModuleManager: Shutting down and abandoning module Android_ETC2TargetPlatform (91)
[2018.12.16-22.09.36:045][339]LogModuleManager: Shutting down and abandoning module Android_ETC1TargetPlatform (89)
[2018.12.16-22.09.36:045][339]LogModuleManager: Shutting down and abandoning module Android_DXTTargetPlatform (87)
[2018.12.16-22.09.36:045][339]LogModuleManager: Shutting down and abandoning module Android_ATCTargetPlatform (85)
[2018.12.16-22.09.36:045][339]LogModuleManager: Shutting down and abandoning module Android_ASTCTargetPlatform (83)
[2018.12.16-22.09.36:046][339]LogModuleManager: Shutting down and abandoning module AndroidTargetPlatform (81)
[2018.12.16-22.09.36:046][339]LogModuleManager: Shutting down and abandoning module WindowsTargetPlatform (79)
[2018.12.16-22.09.36:046][339]LogModuleManager: Shutting down and abandoning module WindowsServerTargetPlatform (77)
[2018.12.16-22.09.36:046][339]LogModuleManager: Shutting down and abandoning module WindowsNoEditorTargetPlatform (75)
[2018.12.16-22.09.36:046][339]LogModuleManager: Shutting down and abandoning module WindowsClientTargetPlatform (73)
[2018.12.16-22.09.36:046][339]LogModuleManager: Shutting down and abandoning module MacTargetPlatform (71)
[2018.12.16-22.09.36:046][339]LogModuleManager: Shutting down and abandoning module MacServerTargetPlatform (69)
[2018.12.16-22.09.36:046][339]LogModuleManager: Shutting down and abandoning module MacNoEditorTargetPlatform (67)
[2018.12.16-22.09.36:046][339]LogModuleManager: Shutting down and abandoning module MacClientTargetPlatform (65)
[2018.12.16-22.09.36:046][339]LogModuleManager: Shutting down and abandoning module AllDesktopTargetPlatform (63)
[2018.12.16-22.09.36:046][339]LogModuleManager: Shutting down and abandoning module InputCore (60)
[2018.12.16-22.09.36:046][339]LogModuleManager: Shutting down and abandoning module Settings (58)
[2018.12.16-22.09.36:046][339]LogModuleManager: Shutting down and abandoning module OculusRift (56)
[2018.12.16-22.09.36:046][339]LogModuleManager: Shutting down and abandoning module GearVRController (54)
[2018.12.16-22.09.36:046][339]LogModuleManager: Shutting down and abandoning module GearVR (52)
[2018.12.16-22.09.36:046][339]LogModuleManager: Shutting down and abandoning module ExampleDeviceProfileSelector (50)
[2018.12.16-22.09.36:046][339]LogModuleManager: Shutting down and abandoning module OnlineBlueprintSupport (48)
[2018.12.16-22.09.36:046][339]LogModuleManager: Shutting down and abandoning module OnlineSubsystem (44)
[2018.12.16-22.09.36:046][339]LogOnline:Display: Unloading online subsystem: NULL
[2018.12.16-22.09.36:046][339]LogModuleManager: Shutting down and abandoning module XMPP (43)
[2018.12.16-22.09.36:046][339]LogModuleManager: Shutting down and abandoning module HTTP (41)
[2018.12.16-22.09.36:046][339]LogHttp:Display: Http module shutting down, but needs to wait on 1 outstanding Http requests:
[2018.12.16-22.09.36:046][339]LogHttp:Display: 	verb=[POST] url=[https://datarouter.ol.epicgames.com/datarouter/api/v1/public/data?SessionID=%7BA1900C7A-4C70-0719-EC05-0CA1BBF1C513%7D&AppID=UEEditor.Rocket.Release&AppVersion=4.16.3-3561208%2B%2B%2BUE4%2BRelease-4.16&UserID=a538f1314277e99abc148d9d6428670d%7C9bb688d3c3d544159b43793bbe2fe075%7C80326fb1-32f4-4c22-ba25-488fac20519e&AppEnvironment=datacollector-binary&UploadType=eteventstream] status=Processing
[2018.12.16-22.09.36:081][339]LogModuleManager: Shutting down and abandoning module SSL (40)
[2018.12.16-22.09.36:083][339]LogModuleManager: Shutting down and abandoning module HTTPChunkInstaller (36)
[2018.12.16-22.09.36:083][339]LogModuleManager: Shutting down and abandoning module AnimationModifiers (34)
[2018.12.16-22.09.36:083][339]LogModuleManager: Shutting down and abandoning module PropertyEditor (33)
[2018.12.16-22.09.36:083][339]LogModuleManager: Shutting down and abandoning module AudioEditor (30)
[2018.12.16-22.09.36:083][339]LogModuleManager: Shutting down and abandoning module TextureCompressor (28)
[2018.12.16-22.09.36:083][339]LogModuleManager: Shutting down and abandoning module ShaderCore (26)
[2018.12.16-22.09.36:083][339]LogModuleManager: Shutting down and abandoning module Landscape (24)
[2018.12.16-22.09.36:083][339]LogModuleManager: Shutting down and abandoning module SlateRHIRenderer (22)
[2018.12.16-22.09.36:085][339]LogModuleManager: Shutting down and abandoning module OpenGLDrv (20)
[2018.12.16-22.09.36:085][339]LogModuleManager: Shutting down and abandoning module D3D11RHI (18)
[2018.12.16-22.09.36:085][339]LogModuleManager: Shutting down and abandoning module AnimGraphRuntime (16)
[2018.12.16-22.09.36:085][339]LogModuleManager: Shutting down and abandoning module Renderer (14)
[2018.12.16-22.09.36:085][339]LogModuleManager: Shutting down and abandoning module Engine (12)
[2018.12.16-22.09.36:085][339]LogModuleManager: Shutting down and abandoning module CoreUObject (10)
[2018.12.16-22.09.36:085][339]LogModuleManager: Shutting down and abandoning module NetworkFile (8)
[2018.12.16-22.09.36:085][339]LogModuleManager: Shutting down and abandoning module StreamingFile (6)
[2018.12.16-22.09.36:085][339]LogModuleManager: Shutting down and abandoning module SandboxFile (4)
[2018.12.16-22.09.36:085][339]LogModuleManager: Shutting down and abandoning module PakFile (2)
[2018.12.16-22.09.36:087][339]LogExit: Exiting.
[2018.12.16-22.09.36:101][339]Log file closed, 12/16/18 19:09:36
