Log file open, 01/31/19 18:11:38
LogInit:Display: Running engine for game: U
LogPlatformFile: Not using cached read wrapper
LogInit:Display: RandInit(-1270339488) SRandInit(-1270339488).
LogTaskGraph: Started task graph with 5 named threads and 10 total threads with 1 sets of task threads.
LogStats: Stats thread started at 0.119398
LogInit: Using libcurl 7.47.1
LogInit:  - built for x86_64-pc-win32
LogInit:  - supports SSL with OpenSSL/1.0.2g
LogInit:  - supports HTTP deflate (compression) using libz 1.2.8
LogInit:  - other features:
LogInit:      CURL_VERSION_SSL
LogInit:      CURL_VERSION_LIBZ
LogInit:      CURL_VERSION_IPV6
LogInit:      CURL_VERSION_ASYNCHDNS
LogInit:      CURL_VERSION_LARGEFILE
LogInit:      CURL_VERSION_IDN
LogInit:  CurlRequestOptions (configurable via config and command line):
LogInit:  - bVerifyPeer = false  - Libcurl will NOT verify peer certificate
LogInit:  - bUseHttpProxy = false  - Libcurl will NOT use HTTP proxy
LogInit:  - bDontReuseConnections = false  - Libcurl will reuse connections
LogInit:  - CertBundlePath = nullptr  - Libcurl will use whatever was configured at build time.
LogInit: Build: ++UE4+Release-4.16-CL-3561208
LogInit: Engine Version: 4.16.3-3561208+++UE4+Release-4.16
LogInit: Compatible Engine Version: 4.16.0-3452394+++UE4+Release-4.16
LogInit: Net CL: 3452394
LogDevObjectVersion: Number of dev versions registered: 16
LogDevObjectVersion:   Dev-Blueprints (B0D832E4-1F89-4F0D-ACCF-7EB736FD4AA2): 9
LogDevObjectVersion:   Dev-Build (E1C64328-A22C-4D53-A36C-8E866417BD8C): 0
LogDevObjectVersion:   Dev-Core (375EC13C-06E4-48FB-B500-84F0262A717E): 2
LogDevObjectVersion:   Dev-Editor (E4B068ED-F494-42E9-A231-DA0B2E46BB41): 17
LogDevObjectVersion:   Dev-Framework (CFFC743F-43B0-4480-9391-14DF171D2073): 23
LogDevObjectVersion:   Dev-Mobile (B02B49B5-BB20-44E9-A304-32B752E40360): 0
LogDevObjectVersion:   Dev-Networking (A4E4105C-59A1-49B5-A7C5-40C4547EDFEE): 0
LogDevObjectVersion:   Dev-Online (39C831C9-5AE6-47DC-9A44-9C173E1C8E7C): 0
LogDevObjectVersion:   Dev-Physics (78F01B33-EBEA-4F98-B9B4-84EACCB95AA2): 0
LogDevObjectVersion:   Dev-Platform (6631380F-2D4D-43E0-8009-CF276956A95A): 0
LogDevObjectVersion:   Dev-Rendering (12F88B9F-8875-4AFC-A67C-D90C383ABD29): 15
LogDevObjectVersion:   Dev-Sequencer (7B5AE74C-D270-4C10-A958-57980B212A5A): 4
LogDevObjectVersion:   Dev-VR (D7296918-1DD6-4BDD-9DE2-64A83CC13884): 0
LogDevObjectVersion:   Dev-LoadTimes (C2A15278-BFE7-4AFE-6C17-90FF531DF755): 1
LogDevObjectVersion:   Private-Geometry (6EACA3D4-40EC-4CC1-B786-8BED09428FC5): 1
LogDevObjectVersion:   Dev-AnimPhys (29E575DD-E0A3-4627-9D10-D276232CDCEA): 3
LogInit: Compiled (64-bit): Jul 28 2017 11:49:47
LogInit: Compiled with Visual C++: 19.00.24215.01
LogInit: Build Configuration: Development
LogInit: Branch Name: ++UE4+Release-4.16
LogInit: Command line: 
LogInit: Base directory: C:/Program Files/Epic Games/UE_4.16/Engine/Binaries/Win64/
LogInit: Installed Engine Build: 1
LogInit: Presizing for max 8388607 objects, including 0 objects not considered by GC, pre-allocating 0 bytes for permanent pool.
LogInit: Object subsystem initialized
[2019.01.31-21.11.38:638][  0]LogInit: Selected Device Profile: [Windows]
[2019.01.31-21.11.38:638][  0]LogInit: Applying CVar settings loaded from the selected device profile: [Windows]
[2019.01.31-21.11.38:655][  0]LogInit: Computer: MSI
[2019.01.31-21.11.38:655][  0]LogInit: User: Bacchus
[2019.01.31-21.11.38:655][  0]LogInit: CPU Page size=4096, Cores=6
[2019.01.31-21.11.38:655][  0]LogInit: High frequency timer resolution =2.156250 MHz
[2019.01.31-21.11.38:655][  0]LogMemory: Memory total: Physical=15.9GB (16GB approx)
[2019.01.31-21.11.38:655][  0]LogMemory: Platform Memory Stats for Windows
[2019.01.31-21.11.38:655][  0]LogMemory: Process Physical Memory: 274.20 MB used, 274.20 MB peak
[2019.01.31-21.11.38:655][  0]LogMemory: Process Virtual Memory: 267.28 MB used, 267.28 MB peak
[2019.01.31-21.11.38:655][  0]LogMemory: Physical Memory: 6259.02 MB used,  10003.28 MB free, 16262.29 MB total
[2019.01.31-21.11.38:655][  0]LogMemory: Virtual Memory: 4783.78 MB used,  10003.28 MB free, 134217728.00 MB total
[2019.01.31-21.11.38:959][  0]LogInit: Using OS detected language (en-US).
[2019.01.31-21.11.38:959][  0]LogInit: Using OS detected locale (en-US).
[2019.01.31-21.11.38:963][  0]LogTextLocalizationManager: No specific localization for 'en-US' exists, so the 'en' localization will be used.
[2019.01.31-21.11.39:969][  0]LogD3D11RHI: D3D11 adapters:
[2019.01.31-21.11.40:020][  0]LogD3D11RHI:    0. 'NVIDIA GeForce GTX 1060' (Feature Level 11_0)
[2019.01.31-21.11.40:020][  0]LogD3D11RHI:       6052/0/8131 MB DedicatedVideo/DedicatedSystem/SharedSystem, Outputs:1, VendorId:0x10de
[2019.01.31-21.11.40:033][  0]LogD3D11RHI:    1. 'Intel(R) UHD Graphics 630' (Feature Level 11_0)
[2019.01.31-21.11.40:033][  0]LogD3D11RHI:       128/0/8131 MB DedicatedVideo/DedicatedSystem/SharedSystem, Outputs:0, VendorId:0x8086
[2019.01.31-21.11.40:035][  0]LogD3D11RHI:    2. 'Microsoft Basic Render Driver' (Feature Level 11_0)
[2019.01.31-21.11.40:035][  0]LogD3D11RHI:       0/0/8131 MB DedicatedVideo/DedicatedSystem/SharedSystem, Outputs:0, VendorId:0x1414
[2019.01.31-21.11.40:035][  0]LogD3D11RHI: Chosen D3D11 Adapter: 0
[2019.01.31-21.11.40:055][  0]LogD3D11RHI: Creating new Direct3DDevice
[2019.01.31-21.11.40:055][  0]LogD3D11RHI:     GPU DeviceId: 0x1c20 (for the marketing name, search the web for "GPU Device Id")
[2019.01.31-21.11.40:055][  0]LogWindows: EnumDisplayDevices:
[2019.01.31-21.11.40:055][  0]LogWindows:    0. 'Intel(R) UHD Graphics 630' (P:1 D:1)
[2019.01.31-21.11.40:056][  0]LogWindows:    1. 'Intel(R) UHD Graphics 630' (P:0 D:0)
[2019.01.31-21.11.40:056][  0]LogWindows:    2. 'Intel(R) UHD Graphics 630' (P:0 D:0)
[2019.01.31-21.11.40:056][  0]LogWindows:    3. 'NVIDIA GeForce GTX 1060' (P:0 D:0)
[2019.01.31-21.11.40:056][  0]LogWindows:    4. 'NVIDIA GeForce GTX 1060' (P:0 D:0)
[2019.01.31-21.11.40:057][  0]LogWindows:    5. 'NVIDIA GeForce GTX 1060' (P:0 D:0)
[2019.01.31-21.11.40:057][  0]LogWindows:    6. 'NVIDIA GeForce GTX 1060' (P:0 D:0)
[2019.01.31-21.11.40:057][  0]LogWindows: DebugString: GetVideoDriverDetailsInvalid PrimaryIsNotTheChoosenAdapter GetVideoDriverDetailsInvalid PrimaryIsNotTheChoosenAdapter GetVideoDriverDetailsInvalid PrimaryIsNotTheChoosenAdapter GetVideoDriverDetailsInvalid PrimaryIsNotTheChoosenAdapter GetVideoDriverDetailsInvalid PrimaryIsNotTheChoosenAdapter GetVideoDriverDetailsInvalid PrimaryIsNotTheChoosenAdapter GetVideoDriverDetailsInvalid PrimaryIsNotTheChoosenAdapter FoundDriverCount:0 
[2019.01.31-21.11.40:057][  0]LogD3D11RHI:     Adapter Name: NVIDIA GeForce GTX 1060
[2019.01.31-21.11.40:057][  0]LogD3D11RHI:   Driver Version: Unknown (internal:Unknown, unified:Unknown)
[2019.01.31-21.11.40:057][  0]LogD3D11RHI:      Driver Date: Unknown
[2019.01.31-21.11.40:057][  0]LogRHI: Texture pool is 1361 MB (70% of 1945 MB)
[2019.01.31-21.11.40:095][  0]LogD3D11RHI: Async texture creation enabled
[2019.01.31-21.11.40:132][  0]LogD3D11RHI: GPU Timing Frequency: 1000.000000 (Debug: 2 2)
[2019.01.31-21.11.40:133][  0]LogShaderCompilers: Guid format shader working directory is -11 characters bigger than the processId version (../../../../../../Users/Bacchus/Documents/Unreal Projects/U/Intermediate/Shaders/WorkingDirectory/6468/).
[2019.01.31-21.11.40:133][  0]LogShaderCompilers: Cleaned the shader compiler working directory 'C:/Users/Bacchus/AppData/Local/Temp/UnrealShaderWorkingDir/15963F49494DB13341E87E9CFFDA047A/'.
[2019.01.31-21.11.40:133][  0]LogShaderCompilers:Display: Using Local Shader Compiler.
[2019.01.31-21.11.41:005][  0]LogTemp:Display: Loaded TP AllDesktopTargetPlatform
[2019.01.31-21.11.41:067][  0]LogTemp:Display: Loaded TP MacClientTargetPlatform
[2019.01.31-21.11.41:125][  0]LogTemp:Display: Loaded TP MacNoEditorTargetPlatform
[2019.01.31-21.11.41:184][  0]LogTemp:Display: Loaded TP MacServerTargetPlatform
[2019.01.31-21.11.41:244][  0]LogTemp:Display: Loaded TP MacTargetPlatform
[2019.01.31-21.11.41:304][  0]LogTemp:Display: Loaded TP WindowsClientTargetPlatform
[2019.01.31-21.11.41:362][  0]LogTemp:Display: Loaded TP WindowsNoEditorTargetPlatform
[2019.01.31-21.11.41:420][  0]LogTemp:Display: Loaded TP WindowsServerTargetPlatform
[2019.01.31-21.11.41:471][  0]LogTemp:Display: Loaded TP WindowsTargetPlatform
[2019.01.31-21.11.41:529][  0]LogTemp:Display: Loaded TP AndroidTargetPlatform
[2019.01.31-21.11.41:593][  0]LogTemp:Display: Loaded TP Android_ASTCTargetPlatform
[2019.01.31-21.11.41:660][  0]LogTemp:Display: Loaded TP Android_ATCTargetPlatform
[2019.01.31-21.11.41:724][  0]LogTemp:Display: Loaded TP Android_DXTTargetPlatform
[2019.01.31-21.11.41:782][  0]LogTemp:Display: Loaded TP Android_ETC1TargetPlatform
[2019.01.31-21.11.41:842][  0]LogTemp:Display: Loaded TP Android_ETC2TargetPlatform
[2019.01.31-21.11.41:955][  0]LogTemp:Display: Loaded TP Android_MultiTargetPlatform
[2019.01.31-21.11.41:955][  0]LogTemp:Display: Loaded TP Android_PVRTCTargetPlatform
[2019.01.31-21.11.42:008][  0]LogTemp:Display: Loaded TP HTML5TargetPlatform
[2019.01.31-21.11.42:115][  0]LogTemp:Display: Loaded TP IOSTargetPlatform
[2019.01.31-21.11.42:150][  0]LogTemp:Display: Loaded TP TVOSTargetPlatform
[2019.01.31-21.11.42:207][  0]LogTemp:Display: Loaded TP LinuxClientTargetPlatform
[2019.01.31-21.11.42:263][  0]LogTemp:Display: Loaded TP LinuxNoEditorTargetPlatform
[2019.01.31-21.11.42:321][  0]LogTemp:Display: Loaded TP LinuxServerTargetPlatform
[2019.01.31-21.11.42:384][  0]LogTemp:Display: Loaded TP LinuxTargetPlatform
[2019.01.31-21.11.42:384][  0]LogTargetPlatformManager:Display: Building Assets For Windows
[2019.01.31-21.11.42:991][  0]LogDerivedDataCache:Display: Max Cache Size: 512 MB
[2019.01.31-21.11.43:071][  0]LogDerivedDataCache: Loaded boot cache 0.08s 90MB C:/Users/Bacchus/AppData/Local/UnrealEngine/4.16/DerivedDataCache/Boot.ddc.
[2019.01.31-21.11.43:071][  0]LogDerivedDataCache:Display: Loaded Boot cache: C:/Users/Bacchus/AppData/Local/UnrealEngine/4.16/DerivedDataCache/Boot.ddc
[2019.01.31-21.11.43:071][  0]LogDerivedDataCache: FDerivedDataBackendGraph:  Pak pak cache file ../../../../../../Users/Bacchus/Documents/Unreal Projects/U/DerivedDataCache/DDC.ddp not found, will not use a pak cache.
[2019.01.31-21.11.43:071][  0]LogDerivedDataCache: Unable to find inner node Pak for hierarchical cache Hierarchy.
[2019.01.31-21.11.43:071][  0]LogDerivedDataCache: FDerivedDataBackendGraph:  CompressedPak pak cache file ../../../../../../Users/Bacchus/Documents/Unreal Projects/U/DerivedDataCache/Compressed.ddp not found, will not use a pak cache.
[2019.01.31-21.11.43:071][  0]LogDerivedDataCache: Unable to find inner node CompressedPak for hierarchical cache Hierarchy.
[2019.01.31-21.11.43:086][  0]LogDerivedDataCache:Display: Pak cache opened for reading ../../../Engine/DerivedDataCache/Compressed.ddp.
[2019.01.31-21.11.43:098][  0]LogDerivedDataCache: Using Local data cache path C:/Users/Bacchus/AppData/Local/UnrealEngine/Common/DerivedDataCache: Writable
[2019.01.31-21.11.43:107][  0]LogMaterial: Verifying Global Shaders for PCD3D_SM5
[2019.01.31-21.11.43:107][  0]LogSlate: Using Freetype 2.6.0
[2019.01.31-21.11.43:108][  0]LogSlate: SlateFontCache - WITH_FREETYPE: 1, WITH_HARFBUZZ: 1
[2019.01.31-21.11.43:108][  0]LogSlate: SlateFontCache - WITH_FREETYPE: 1, WITH_HARFBUZZ: 1
[2019.01.31-21.11.43:412][  0]LogInit: Selected Device Profile: [Windows]
[2019.01.31-21.11.43:477][  0]LogContentStreaming: Texture pool size is 0.00 MB
[2019.01.31-21.11.43:654][  0]LogMeshUtilities: Using QuadricMeshReduction for automatic static mesh reduction
[2019.01.31-21.11.43:709][  0]LogSimplygon: Simplygon DLL not present - disabling.
[2019.01.31-21.11.43:768][  0]LogMeshUtilities: Using SimplygonSwarm for distributed automatic mesh merging
[2019.01.31-21.11.43:768][  0]LogMeshUtilities: No automatic skeletal mesh reduction module available
[2019.01.31-21.11.43:768][  0]LogMeshUtilities: No automatic mesh merging module available
[2019.01.31-21.11.44:375][  0]LogNetVersion: U , NetCL: 3452394, EngineNetVer: 2, GameNetVer: 0 (Checksum: 3173040732)
[2019.01.31-21.11.44:446][  0]LogAssetRegistry: FAssetRegistry took 0.0258 seconds to start up
[2019.01.31-21.11.44:523][  0]LogPackageLocalizationCache: Processed 4 localized package path(s) for 2 prioritized culture(s) in 0.040471 seconds
[2019.01.31-21.11.44:530][  0]LogUObjectArray: 34194 objects as part of root set at end of initial load.
[2019.01.31-21.11.44:530][  0]LogUObjectAllocator: 7260424 out of 0 bytes used by permanent object pool.
[2019.01.31-21.11.44:530][  0]LogUObjectArray: CloseDisregardForGC: 0/0 objects in disregard for GC pool
[2019.01.31-21.11.44:629][  0]LogInit: WinSock: version 1.1 (2.2), MaxSocks=32767, MaxUdp=65467
[2019.01.31-21.11.47:280][  0]LogTcpMessaging: Initializing TcpMessaging bridge
[2019.01.31-21.11.47:331][  0]LogUdpMessaging: Initializing bridge on interface 0.0.0.0:0 to multicast group 230.0.0.1:6666.
[2019.01.31-21.11.47:973][  0]LogMaterial: Uniform references updated for custom material expression Custom.
[2019.01.31-21.11.48:457][  0]SourceControl: Info Source control is disabled
[2019.01.31-21.11.48:497][  0]SourceControl: Info Source control is disabled
[2019.01.31-21.11.48:564][  0]SourceControl: Info Source control is disabled
[2019.01.31-21.11.48:633][  0]SourceControl: Info Source control is disabled
[2019.01.31-21.11.48:951][  0]LogLinker:Warning: Can't find file '/Game/ThirdPersonBP/ThirdPersonOverview'
[2019.01.31-21.11.48:951][  0]LogLinker:Warning: Can't find file '/Game/ThirdPersonBP/ThirdPersonOverview'
[2019.01.31-21.11.48:951][  0]LogUObjectGlobals:Warning: Failed to find object 'Class /Game/ThirdPersonBP/ThirdPersonOverview.ThirdPersonOverview_C'
[2019.01.31-21.11.49:493][  0]LogAndroidPermission: UAndroidPermissionCallbackProxy::GetInstance
[2019.01.31-21.11.50:264][  0]LogEngine: Initializing Engine...
[2019.01.31-21.11.50:265][  0]LogHMD: Failed to initialize OpenVR with code 110
[2019.01.31-21.11.50:479][  0]LogStats: UGameplayTagsManager::ConstructGameplayTagTree: Construct from data asset -  0.000 s
[2019.01.31-21.11.50:479][  0]LogStats: UGameplayTagsManager::ConstructGameplayTagTree: GameplayTagTreeChangedEvent.Broadcast -  0.000 s
[2019.01.31-21.11.50:671][  0]LogAIModule: Creating AISystem for world Untitled
[2019.01.31-21.11.50:751][  0]LogInit: XAudio2 using 'Speakers (Realtek(R) Audio)' : 6 channels at 48 kHz using 32 bits per sample (channel mask 0x3f)
[2019.01.31-21.11.51:016][  0]LogInit: FAudioDevice initialized.
[2019.01.31-21.11.51:059][  0]LogDerivedDataCache: Saved boot cache 0.04s 90MB C:/Users/Bacchus/AppData/Local/UnrealEngine/4.16/DerivedDataCache/Boot.ddc.
[2019.01.31-21.11.51:077][  0]LogInit: Texture streaming: Enabled
[2019.01.31-21.11.51:210][  0]LogEngineSessionManager: EngineSessionManager initialized
[2019.01.31-21.11.51:497][  0]LogInit: Transaction tracking system initialized
[2019.01.31-21.11.51:912][  0]BlueprintLog: New page: Editor Load
[2019.01.31-21.11.53:316][  0]LocalizationService: Info Localization service is disabled
[2019.01.31-21.11.55:836][  0]LogConsoleResponse:Display: 
[2019.01.31-21.11.56:050][  0]LogCook:Display: Max memory allowance for cook 16384mb min free memory 0mb
[2019.01.31-21.11.56:050][  0]LogCook:Display: Mobile HDR setting 1
[2019.01.31-21.11.56:298][  0]LogFileCache: Scanning file cache for directory 'C:/Users/Bacchus/Documents/Unreal Projects/U/Content/' took 0.02s
[2019.01.31-21.11.58:281][  0]SourceControl: Info Source control is disabled
[2019.01.31-21.11.58:281][  0]Cmd: MAP LOAD FILE="../../../../../../Users/Bacchus/Documents/Unreal Projects/U/Content/FirstPersonBP/Maps/FirstPersonExampleMap.umap" TEMPLATE=0 SHOWPROGRESS=1 FEATURELEVEL=3
[2019.01.31-21.11.58:282][  0]LightingResults: New page: Lighting Build
[2019.01.31-21.11.58:473][  0]MapCheck: New page: Map Check
[2019.01.31-21.11.58:473][  0]LightingResults: New page: Lighting Build
[2019.01.31-21.12.00:768][  0]LogAIModule: Creating AISystem for world FirstPersonExampleMap
[2019.01.31-21.12.00:789][  0]LogEditorServer: Finished looking for orphan Actors (0.000 secs)
[2019.01.31-21.12.00:805][  0]Cmd: MAP CHECKDEP NOCLEARLOG
[2019.01.31-21.12.00:871][  0]MapCheck: Info Map check complete: 0 Error(s), 0 Warning(s), took 67.178ms to complete.
[2019.01.31-21.12.00:871][  0]LogFileHelpers: Loading map 'FirstPersonExampleMap' took 2.590
[2019.01.31-21.12.01:262][  0]LogCollectionManager: Loaded 0 collections in 0.006130 seconds
[2019.01.31-21.12.01:480][  0]LogFileCache: Scanning file cache for directory 'C:/Users/Bacchus/Documents/Unreal Projects/U/Saved/Collections/' took 0.01s
[2019.01.31-21.12.01:480][  0]LogFileCache: Scanning file cache for directory 'C:/Users/Bacchus/Documents/Unreal Projects/U/Content/Developers/Bacchus/Collections/' took 0.01s
[2019.01.31-21.12.01:480][  0]LogFileCache: Scanning file cache for directory 'C:/Users/Bacchus/Documents/Unreal Projects/U/Content/Collections/' took 0.01s
[2019.01.31-21.12.01:480][  0]LogCollectionManager: Rebuilt the GUID cache for 0 collections in 0.000005 seconds
[2019.01.31-21.12.01:505][  0]LogContentBrowser: Native class hierarchy populated in 0.0229 seconds. Added 2329 classes and 491 folders.
[2019.01.31-21.12.01:782][  0]LogContentBrowser: Native class hierarchy updated for 'WidgetCarousel' in 0.0016 seconds. Added 0 classes and 0 folders.
[2019.01.31-21.12.03:004][  0]LogContentBrowser: Native class hierarchy updated for 'AddContentDialog' in 0.0012 seconds. Added 0 classes and 0 folders.
[2019.01.31-21.12.03:210][  0]LogContentBrowser: Native class hierarchy updated for 'SceneOutliner' in 0.0016 seconds. Added 1 classes and 2 folders.
[2019.01.31-21.12.03:352][  0]LogCrashTracker: Crashtracker disabled due to settings.
[2019.01.31-21.12.03:367][  0]LogSlate: Took 0.000460 seconds to synchronously load lazily loaded font '../../../Engine/Content/Slate/Fonts/Roboto-Regular.ttf' (155K)
[2019.01.31-21.12.03:373][  0]LogSlate: Took 0.000490 seconds to synchronously load lazily loaded font '../../../Engine/Content/Slate/Fonts/Roboto-Bold.ttf' (160K)
[2019.01.31-21.12.03:411][  0]LogSlate: Took 0.017575 seconds to synchronously load lazily loaded font '../../../Engine/Content/Editor/Slate/Fonts/FontAwesome.ttf' (139K)
[2019.01.31-21.12.03:828][  0]LogRenderer: Reallocating scene render targets to support 896x460 NumSamples 1 (Frame:1).
[2019.01.31-21.12.03:987][  0]LogUObjectGlobals:Warning: Failed to find object 'Class None.'
[2019.01.31-21.12.04:077][  0]LogContentBrowser: Native class hierarchy updated for 'HierarchicalLODOutliner' in 0.0009 seconds. Added 1 classes and 2 folders.
[2019.01.31-21.12.04:077][  0]LogLoad: (Engine Initialization) Total time: 27.65 seconds
[2019.01.31-21.12.04:077][  0]LogLoad: (Engine Initialization) Total Blueprint compile time: 0.50 seconds
[2019.01.31-21.12.04:077][  0]LogExternalProfiler: No external profilers were discovered.  External profiling features will not be available.
[2019.01.31-21.12.04:096][  0]LogWindowsTextInputMethodSystem:Display: IME system now deactivated.
[2019.01.31-21.12.04:097][  0]LogOcInput: OculusInput pre-init called
[2019.01.31-21.12.04:097][  0]LogHMD: Starting GearVRController plugin
[2019.01.31-21.12.04:121][  0]LogContentStreaming: Texture pool size now 1000 MB
[2019.01.31-21.12.04:222][  0]LogSlate: Took 0.009565 seconds to synchronously load lazily loaded font '../../../Engine/Content/Slate/Fonts/Roboto-Light.ttf' (159K)
[2019.01.31-21.12.04:264][  1]LogAssetRegistry: Asset discovery search completed in 19.8412 seconds
[2019.01.31-21.12.04:267][  1]LogCollectionManager: Rebuilt the object cache for 0 collections in 0.000001 seconds (found 0 objects)
[2019.01.31-21.12.04:267][  1]LogCollectionManager: Fixed up redirectors for 0 collections in 0.000050 seconds (updated 0 objects)
[2019.01.31-21.12.14:805][315]LogSynthBenchmark:Display: FSynthBenchmark (V0.95):  requested WorkScale=5.00
[2019.01.31-21.12.14:805][315]LogSynthBenchmark:Display: ===============
[2019.01.31-21.12.14:805][315]LogSynthBenchmark:Display: Main Processor:
[2019.01.31-21.12.15:021][315]LogSynthBenchmark:Display:          ... 0.023908 s/Run 'RayIntersect'
[2019.01.31-21.12.15:021][315]LogSynthBenchmark:Display:          ... 0.019389 s/Run 'Fractal'
[2019.01.31-21.12.15:021][315]LogSynthBenchmark:Display: 
[2019.01.31-21.12.15:021][315]LogSynthBenchmark:Display:   CompiledTarget_x_Bits: 64
[2019.01.31-21.12.15:021][315]LogSynthBenchmark:Display:   UE_BUILD_SHIPPING: 0
[2019.01.31-21.12.15:021][315]LogSynthBenchmark:Display:   UE_BUILD_TEST: 0
[2019.01.31-21.12.15:021][315]LogSynthBenchmark:Display:   UE_BUILD_DEBUG: 0
[2019.01.31-21.12.15:021][315]LogSynthBenchmark:Display:   TotalPhysicalGBRam: 16
[2019.01.31-21.12.15:021][315]LogSynthBenchmark:Display:   NumberOfCores (physical): 6
[2019.01.31-21.12.15:021][315]LogSynthBenchmark:Display:   NumberOfCores (logical): 12
[2019.01.31-21.12.15:021][315]LogSynthBenchmark:Display:   CPU Perf Index 0: 107.1 (weight 1.00)
[2019.01.31-21.12.15:021][315]LogSynthBenchmark:Display:   CPU Perf Index 1: 147.5 (weight 1.50)
[2019.01.31-21.12.15:021][315]LogSynthBenchmark:Display:  
[2019.01.31-21.12.15:021][315]LogSynthBenchmark:Display: Graphics:
[2019.01.31-21.12.15:021][315]LogSynthBenchmark:Display:   Adapter Name: 'NVIDIA GeForce GTX 1060'
[2019.01.31-21.12.15:021][315]LogSynthBenchmark:Display:   (On Optimus the name might be wrong, memory should be ok)
[2019.01.31-21.12.15:021][315]LogSynthBenchmark:Display:   Vendor Id: 0x10DE
[2019.01.31-21.12.15:021][315]LogSynthBenchmark:Display:   Device Id: 0x1C20
[2019.01.31-21.12.15:021][315]LogSynthBenchmark:Display:   Device Revision: 0xA1
[2019.01.31-21.12.15:021][315]LogSynthBenchmark:Display:   GPU Memory: 6052/0/8132 MB
[2019.01.31-21.12.15:134][315]LogSynthBenchmark:Display:   GPU first test: 0.04s
[2019.01.31-21.12.15:134][315]LogSynthBenchmark:Display:          ... 3.748 s/GigaPix, Confidence=89% 'ALUHeavyNoise' (likely to be very inaccurate)
[2019.01.31-21.12.15:134][315]LogSynthBenchmark:Display:          ... 1.368 s/GigaPix, Confidence=100% 'TexHeavy' (likely to be very inaccurate)
[2019.01.31-21.12.15:134][315]LogSynthBenchmark:Display:          ... 0.925 s/GigaPix, Confidence=100% 'DepTexHeavy' (likely to be very inaccurate)
[2019.01.31-21.12.15:134][315]LogSynthBenchmark:Display:          ... 6.163 s/GigaPix, Confidence=100% 'FillOnly' (likely to be very inaccurate)
[2019.01.31-21.12.15:134][315]LogSynthBenchmark:Display:          ... 0.290 s/GigaPix, Confidence=100% 'Bandwidth' (likely to be very inaccurate)
[2019.01.31-21.12.15:134][315]LogSynthBenchmark:Display:          ... 0.797 s/GigaVert, Confidence=100% 'VertThroughPut1' (likely to be very inaccurate)
[2019.01.31-21.12.15:134][315]LogSynthBenchmark:Display:          ... 5.927 s/GigaVert, Confidence=100% 'VertThroughPut2' (likely to be very inaccurate)
[2019.01.31-21.12.15:548][315]LogSynthBenchmark:Display:   GPU second test: 0.37s
[2019.01.31-21.12.15:548][315]LogSynthBenchmark:Display:          ... 6.652 s/GigaPix, Confidence=100% 'ALUHeavyNoise' (likely to be inaccurate)
[2019.01.31-21.12.15:548][315]LogSynthBenchmark:Display:          ... 1.613 s/GigaPix, Confidence=100% 'TexHeavy' (likely to be inaccurate)
[2019.01.31-21.12.15:548][315]LogSynthBenchmark:Display:          ... 1.976 s/GigaPix, Confidence=100% 'DepTexHeavy' (likely to be inaccurate)
[2019.01.31-21.12.15:548][315]LogSynthBenchmark:Display:          ... 7.998 s/GigaPix, Confidence=100% 'FillOnly' (likely to be inaccurate)
[2019.01.31-21.12.15:548][315]LogSynthBenchmark:Display:          ... 0.365 s/GigaPix, Confidence=100% 'Bandwidth' (likely to be inaccurate)
[2019.01.31-21.12.15:548][315]LogSynthBenchmark:Display:          ... 0.517 s/GigaVert, Confidence=100% 'VertThroughPut1' (likely to be inaccurate)
[2019.01.31-21.12.15:548][315]LogSynthBenchmark:Display:          ... 5.017 s/GigaVert, Confidence=100% 'VertThroughPut2' (likely to be inaccurate)
[2019.01.31-21.12.15:548][315]LogSynthBenchmark:Display:   GPU Final Results:
[2019.01.31-21.12.15:548][315]LogSynthBenchmark:Display:          ... 6.652 s/GigaPix, Confidence=100% 'ALUHeavyNoise'
[2019.01.31-21.12.15:548][315]LogSynthBenchmark:Display:          ... 1.613 s/GigaPix, Confidence=100% 'TexHeavy'
[2019.01.31-21.12.15:548][315]LogSynthBenchmark:Display:          ... 1.976 s/GigaPix, Confidence=100% 'DepTexHeavy'
[2019.01.31-21.12.15:548][315]LogSynthBenchmark:Display:          ... 7.998 s/GigaPix, Confidence=100% 'FillOnly'
[2019.01.31-21.12.15:548][315]LogSynthBenchmark:Display:          ... 0.365 s/GigaPix, Confidence=100% 'Bandwidth'
[2019.01.31-21.12.15:548][315]LogSynthBenchmark:Display:          ... 0.517 s/GigaVert, Confidence=100% 'VertThroughPut1'
[2019.01.31-21.12.15:548][315]LogSynthBenchmark:Display:          ... 5.017 s/GigaVert, Confidence=100% 'VertThroughPut2'
[2019.01.31-21.12.15:548][315]LogSynthBenchmark:Display: 
[2019.01.31-21.12.15:548][315]LogSynthBenchmark:Display:   GPU Perf Index 0: 144.6 (weight 1.00)
[2019.01.31-21.12.15:549][315]LogSynthBenchmark:Display:   GPU Perf Index 1: 21.7 (weight 0.10)
[2019.01.31-21.12.15:549][315]LogSynthBenchmark:Display:   GPU Perf Index 2: 51.4 (weight 0.10)
[2019.01.31-21.12.15:549][315]LogSynthBenchmark:Display:   GPU Perf Index 3: 31.4 (weight 3.00)
[2019.01.31-21.12.15:549][315]LogSynthBenchmark:Display:   GPU Perf Index 4: 34.1 (weight 1.00)
[2019.01.31-21.12.15:549][315]LogSynthBenchmark:Display:   GPU Perf Index 5: 33.7 (weight 0.00)
[2019.01.31-21.12.15:549][315]LogSynthBenchmark:Display:   GPU Perf Index 6: 283.9 (weight 0.00)
[2019.01.31-21.12.15:549][315]LogSynthBenchmark:Display:   CPUIndex: 131.4
[2019.01.31-21.12.15:549][315]LogSynthBenchmark:Display:   GPUIndex: 53.9
[2019.01.31-21.12.15:549][315]LogSynthBenchmark:Display: 
[2019.01.31-21.12.15:549][315]LogSynthBenchmark:Display:          ... Total Time: 0.744697 sec
[2019.01.31-21.12.21:937][507]LogEditorViewport: Clicking on Actor (LMB): StaticMeshActor (BigWall)
[2019.01.31-21.12.26:908][653]LogEditorViewport: Clicking on Actor (context menu): StaticMeshActor (BigWall)
[2019.01.31-21.12.29:118][688]LogD3D11RHI:Error: Result failed 
 at D:\Build\++UE4+Release-4.16+Compile\Sync\Engine\Source\Runtime\Windows\D3D11RHI\Private\D3D11Viewport.cpp:290 
 with error DXGI_ERROR_DEVICE_REMOVED DXGI_ERROR_DEVICE_HUNG
[2019.01.31-21.12.29:122][688]LogWindows: Windows GetLastError: The operation completed successfully. (0)
[2019.01.31-21.12.30:063][688]LogCrashTracker: 


[2019.01.31-21.12.30:068][688]LogWindows: Windows GetLastError: The operation completed successfully. (0)
[2019.01.31-21.12.30:074][688]LogCrashTracker: 


[2019.01.31-21.12.30:074][688]LogWindows:Error: === Critical error: ===
[2019.01.31-21.12.30:074][688]LogWindows:Error: 
[2019.01.31-21.12.30:074][688]LogWindows:Error: Fatal error: [File:D:\Build\++UE4+Release-4.16+Compile\Sync\Engine\Source\Runtime\RenderCore\Private\RenderingThread.cpp] [Line: 798] 
[2019.01.31-21.12.30:074][688]LogWindows:Error: Rendering thread exception:
[2019.01.31-21.12.30:074][688]LogWindows:Error: Fatal error: [File:D:\Build\++UE4+Release-4.16+Compile\Sync\Engine\Source\Runtime\Windows\D3D11RHI\Private\D3D11Util.cpp] [Line: 182] 
[2019.01.31-21.12.30:074][688]LogWindows:Error: Unreal Engine is exiting due to D3D device being lost. (Error: 0x887A0006 - 'HUNG')
[2019.01.31-21.12.30:074][688]LogWindows:Error: 
[2019.01.31-21.12.30:074][688]LogWindows:Error: 
[2019.01.31-21.12.30:074][688]LogWindows:Error: KERNELBASE.dll!0x000000005785A388
[2019.01.31-21.12.30:074][688]LogWindows:Error: UE4Editor-Core.dll!0x000000000D33AFFE
[2019.01.31-21.12.30:074][688]LogWindows:Error: UE4Editor-Core.dll!0x000000000D15249B
[2019.01.31-21.12.30:074][688]LogWindows:Error: UE4Editor-Core.dll!0x000000000D0E0849
[2019.01.31-21.12.30:074][688]LogWindows:Error: UE4Editor-D3D11RHI.dll!0x00000000FEA34E0F
[2019.01.31-21.12.30:074][688]LogWindows:Error: UE4Editor-D3D11RHI.dll!0x00000000FEA38E50
[2019.01.31-21.12.30:074][688]LogWindows:Error: UE4Editor-D3D11RHI.dll!0x00000000FEA1974F
[2019.01.31-21.12.30:074][688]LogWindows:Error: UE4Editor-D3D11RHI.dll!0x00000000FEA196A1
[2019.01.31-21.12.30:074][688]LogWindows:Error: UE4Editor-D3D11RHI.dll!0x00000000FEA259A3
[2019.01.31-21.12.30:074][688]LogWindows:Error: UE4Editor-RHI.dll!0x0000000013206E96
[2019.01.31-21.12.30:074][688]LogWindows:Error: UE4Editor-SlateRHIRenderer.dll!0x00000000FE80CD23
[2019.01.31-21.12.30:074][688]LogWindows:Error: UE4Editor-SlateRHIRenderer.dll!0x00000000FE8132DE
[2019.01.31-21.12.30:074][688]LogWindows:Error: UE4Editor-Core.dll!0x000000000CFB4D8C
[2019.01.31-21.12.30:074][688]LogWindows:Error: UE4Editor-Core.dll!0x000000000CFB51AD
[2019.01.31-21.12.30:074][688]LogWindows:Error: UE4Editor-RenderCore.dll!0x0000000012FD1607
[2019.01.31-21.12.30:074][688]LogWindows:Error: UE4Editor-RenderCore.dll!0x0000000012FD26F6
[2019.01.31-21.12.30:074][688]LogWindows:Error: UE4Editor-Core.dll!0x000000000D34E6A8
[2019.01.31-21.12.30:074][688]LogWindows:Error: UE4Editor-Core.dll!0x000000000D348ED9
[2019.01.31-21.12.30:074][688]LogWindows:Error: KERNEL32.DLL!0x0000000059323034
[2019.01.31-21.12.30:074][688]LogWindows:Error: ntdll.dll!0x000000005A6A3691
[2019.01.31-21.12.30:074][688]LogWindows:Error: ntdll.dll!0x000000005A6A3691
[2019.01.31-21.12.30:074][688]LogWindows:Error: 
[2019.01.31-21.12.30:074][688]LogWindows:Error: 
[2019.01.31-21.12.30:074][688]LogWindows:Error: 
[2019.01.31-21.12.30:074][688]LogWindows:Error: 
[2019.01.31-21.12.30:088][688]LogExit: Executing StaticShutdownAfterError
[2019.01.31-21.12.30:091][688]LogWindows: FPlatformMisc::RequestExit(1)
[2019.01.31-21.12.30:091][688]Log file closed, 01/31/19 18:12:30
